CRITICAL - 2021-01-05 01:52:52 --> Invalid file: master/pedaftaran/form.php
#0 D:\sippbt\vendor\codeigniter4\framework\system\View\View.php(228): CodeIgniter\Exceptions\FrameworkException::forInvalidFile('master/pedaftar...')
#1 D:\sippbt\vendor\codeigniter4\framework\system\Common.php(1119): CodeIgniter\View\View->render('master/pedaftar...', Array, true)
#2 D:\sippbt\app\Controllers\KelPendaftaranController.php(43): view('master/pedaftar...', Array)
#3 D:\sippbt\vendor\codeigniter4\framework\system\CodeIgniter.php(918): App\Controllers\KelPendaftaranController->create()
#4 D:\sippbt\vendor\codeigniter4\framework\system\CodeIgniter.php(404): CodeIgniter\CodeIgniter->runController(Object(App\Controllers\KelPendaftaranController))
#5 D:\sippbt\vendor\codeigniter4\framework\system\CodeIgniter.php(312): CodeIgniter\CodeIgniter->handleRequest(NULL, Object(Config\Cache), false)
#6 D:\sippbt\public\index.php(45): CodeIgniter\CodeIgniter->run()
#7 D:\sippbt\vendor\codeigniter4\framework\system\Commands\Server\rewrite.php(34): require_once('D:\\sippbt\\publi...')
#8 {main}
CRITICAL - 2021-01-05 01:59:54 --> Invalid file: master/pedaftaran/form.php
#0 D:\sippbt\vendor\codeigniter4\framework\system\View\View.php(228): CodeIgniter\Exceptions\FrameworkException::forInvalidFile('master/pedaftar...')
#1 D:\sippbt\vendor\codeigniter4\framework\system\Common.php(1119): CodeIgniter\View\View->render('master/pedaftar...', Array, true)
#2 D:\sippbt\app\Controllers\KelPendaftaranController.php(43): view('master/pedaftar...', Array)
#3 D:\sippbt\vendor\codeigniter4\framework\system\CodeIgniter.php(918): App\Controllers\KelPendaftaranController->create()
#4 D:\sippbt\vendor\codeigniter4\framework\system\CodeIgniter.php(404): CodeIgniter\CodeIgniter->runController(Object(App\Controllers\KelPendaftaranController))
#5 D:\sippbt\vendor\codeigniter4\framework\system\CodeIgniter.php(312): CodeIgniter\CodeIgniter->handleRequest(NULL, Object(Config\Cache), false)
#6 D:\sippbt\public\index.php(45): CodeIgniter\CodeIgniter->run()
#7 D:\sippbt\vendor\codeigniter4\framework\system\Commands\Server\rewrite.php(34): require_once('D:\\sippbt\\publi...')
#8 {main}
CRITICAL - 2021-01-05 03:51:46 --> Invalid file: master/pedaftaran/form.php
#0 D:\sippbt\vendor\codeigniter4\framework\system\View\View.php(228): CodeIgniter\Exceptions\FrameworkException::forInvalidFile('master/pedaftar...')
#1 D:\sippbt\vendor\codeigniter4\framework\system\Common.php(1119): CodeIgniter\View\View->render('master/pedaftar...', Array, true)
#2 D:\sippbt\app\Controllers\KelPendaftaranController.php(43): view('master/pedaftar...', Array)
#3 D:\sippbt\vendor\codeigniter4\framework\system\CodeIgniter.php(918): App\Controllers\KelPendaftaranController->create()
#4 D:\sippbt\vendor\codeigniter4\framework\system\CodeIgniter.php(404): CodeIgniter\CodeIgniter->runController(Object(App\Controllers\KelPendaftaranController))
#5 D:\sippbt\vendor\codeigniter4\framework\system\CodeIgniter.php(312): CodeIgniter\CodeIgniter->handleRequest(NULL, Object(Config\Cache), false)
#6 D:\sippbt\public\index.php(45): CodeIgniter\CodeIgniter->run()
#7 D:\sippbt\vendor\codeigniter4\framework\system\Commands\Server\rewrite.php(34): require_once('D:\\sippbt\\publi...')
#8 {main}
CRITICAL - 2021-01-05 03:53:27 --> Invalid file: master/pedaftaran/form.php
#0 D:\sippbt\vendor\codeigniter4\framework\system\View\View.php(228): CodeIgniter\Exceptions\FrameworkException::forInvalidFile('master/pedaftar...')
#1 D:\sippbt\vendor\codeigniter4\framework\system\Common.php(1119): CodeIgniter\View\View->render('master/pedaftar...', Array, true)
#2 D:\sippbt\app\Controllers\KelPendaftaranController.php(43): view('master/pedaftar...', Array)
#3 D:\sippbt\vendor\codeigniter4\framework\system\CodeIgniter.php(918): App\Controllers\KelPendaftaranController->create()
#4 D:\sippbt\vendor\codeigniter4\framework\system\CodeIgniter.php(404): CodeIgniter\CodeIgniter->runController(Object(App\Controllers\KelPendaftaranController))
#5 D:\sippbt\vendor\codeigniter4\framework\system\CodeIgniter.php(312): CodeIgniter\CodeIgniter->handleRequest(NULL, Object(Config\Cache), false)
#6 D:\sippbt\public\index.php(45): CodeIgniter\CodeIgniter->run()
#7 D:\sippbt\vendor\codeigniter4\framework\system\Commands\Server\rewrite.php(34): require_once('D:\\sippbt\\publi...')
#8 {main}
CRITICAL - 2021-01-05 04:06:40 --> Invalid file: master/pedaftaran/form.php
#0 D:\sippbt\vendor\codeigniter4\framework\system\View\View.php(228): CodeIgniter\Exceptions\FrameworkException::forInvalidFile('master/pedaftar...')
#1 D:\sippbt\vendor\codeigniter4\framework\system\Common.php(1119): CodeIgniter\View\View->render('master/pedaftar...', Array, true)
#2 D:\sippbt\app\Controllers\KelPendaftaranController.php(43): view('master/pedaftar...', Array)
#3 D:\sippbt\vendor\codeigniter4\framework\system\CodeIgniter.php(918): App\Controllers\KelPendaftaranController->create()
#4 D:\sippbt\vendor\codeigniter4\framework\system\CodeIgniter.php(404): CodeIgniter\CodeIgniter->runController(Object(App\Controllers\KelPendaftaranController))
#5 D:\sippbt\vendor\codeigniter4\framework\system\CodeIgniter.php(312): CodeIgniter\CodeIgniter->handleRequest(NULL, Object(Config\Cache), false)
#6 D:\sippbt\public\index.php(45): CodeIgniter\CodeIgniter->run()
#7 D:\sippbt\vendor\codeigniter4\framework\system\Commands\Server\rewrite.php(34): require_once('D:\\sippbt\\publi...')
#8 {main}
CRITICAL - 2021-01-05 04:06:46 --> Invalid file: master/pedaftaran/form.php
#0 D:\sippbt\vendor\codeigniter4\framework\system\View\View.php(228): CodeIgniter\Exceptions\FrameworkException::forInvalidFile('master/pedaftar...')
#1 D:\sippbt\vendor\codeigniter4\framework\system\Common.php(1119): CodeIgniter\View\View->render('master/pedaftar...', Array, true)
#2 D:\sippbt\app\Controllers\KelPendaftaranController.php(43): view('master/pedaftar...', Array)
#3 D:\sippbt\vendor\codeigniter4\framework\system\CodeIgniter.php(918): App\Controllers\KelPendaftaranController->create()
#4 D:\sippbt\vendor\codeigniter4\framework\system\CodeIgniter.php(404): CodeIgniter\CodeIgniter->runController(Object(App\Controllers\KelPendaftaranController))
#5 D:\sippbt\vendor\codeigniter4\framework\system\CodeIgniter.php(312): CodeIgniter\CodeIgniter->handleRequest(NULL, Object(Config\Cache), false)
#6 D:\sippbt\public\index.php(45): CodeIgniter\CodeIgniter->run()
#7 D:\sippbt\vendor\codeigniter4\framework\system\Commands\Server\rewrite.php(34): require_once('D:\\sippbt\\publi...')
#8 {main}
CRITICAL - 2021-01-05 04:15:28 --> Invalid file: master/pedaftaran/form.php
#0 D:\sippbt\vendor\codeigniter4\framework\system\View\View.php(228): CodeIgniter\Exceptions\FrameworkException::forInvalidFile('master/pedaftar...')
#1 D:\sippbt\vendor\codeigniter4\framework\system\Common.php(1119): CodeIgniter\View\View->render('master/pedaftar...', Array, true)
#2 D:\sippbt\app\Controllers\KelPendaftaranController.php(45): view('master/pedaftar...', Array)
#3 D:\sippbt\vendor\codeigniter4\framework\system\CodeIgniter.php(918): App\Controllers\KelPendaftaranController->create()
#4 D:\sippbt\vendor\codeigniter4\framework\system\CodeIgniter.php(404): CodeIgniter\CodeIgniter->runController(Object(App\Controllers\KelPendaftaranController))
#5 D:\sippbt\vendor\codeigniter4\framework\system\CodeIgniter.php(312): CodeIgniter\CodeIgniter->handleRequest(NULL, Object(Config\Cache), false)
#6 D:\sippbt\public\index.php(45): CodeIgniter\CodeIgniter->run()
#7 D:\sippbt\vendor\codeigniter4\framework\system\Commands\Server\rewrite.php(34): require_once('D:\\sippbt\\publi...')
#8 {main}
CRITICAL - 2021-01-05 04:16:51 --> Invalid file: master/pedaftaran/form.php
#0 D:\sippbt\vendor\codeigniter4\framework\system\View\View.php(228): CodeIgniter\Exceptions\FrameworkException::forInvalidFile('master/pedaftar...')
#1 D:\sippbt\vendor\codeigniter4\framework\system\Common.php(1119): CodeIgniter\View\View->render('master/pedaftar...', Array, true)
#2 D:\sippbt\app\Controllers\KelPendaftaranController.php(45): view('master/pedaftar...', Array)
#3 D:\sippbt\vendor\codeigniter4\framework\system\CodeIgniter.php(918): App\Controllers\KelPendaftaranController->create()
#4 D:\sippbt\vendor\codeigniter4\framework\system\CodeIgniter.php(404): CodeIgniter\CodeIgniter->runController(Object(App\Controllers\KelPendaftaranController))
#5 D:\sippbt\vendor\codeigniter4\framework\system\CodeIgniter.php(312): CodeIgniter\CodeIgniter->handleRequest(NULL, Object(Config\Cache), false)
#6 D:\sippbt\public\index.php(45): CodeIgniter\CodeIgniter->run()
#7 D:\sippbt\vendor\codeigniter4\framework\system\Commands\Server\rewrite.php(34): require_once('D:\\sippbt\\publi...')
#8 {main}
CRITICAL - 2021-01-05 04:17:28 --> Invalid file: master/pedaftaran/form.php
#0 D:\sippbt\vendor\codeigniter4\framework\system\View\View.php(228): CodeIgniter\Exceptions\FrameworkException::forInvalidFile('master/pedaftar...')
#1 D:\sippbt\vendor\codeigniter4\framework\system\Common.php(1119): CodeIgniter\View\View->render('master/pedaftar...', Array, true)
#2 D:\sippbt\app\Controllers\KelPendaftaranController.php(45): view('master/pedaftar...', Array)
#3 D:\sippbt\vendor\codeigniter4\framework\system\CodeIgniter.php(918): App\Controllers\KelPendaftaranController->create()
#4 D:\sippbt\vendor\codeigniter4\framework\system\CodeIgniter.php(404): CodeIgniter\CodeIgniter->runController(Object(App\Controllers\KelPendaftaranController))
#5 D:\sippbt\vendor\codeigniter4\framework\system\CodeIgniter.php(312): CodeIgniter\CodeIgniter->handleRequest(NULL, Object(Config\Cache), false)
#6 D:\sippbt\public\index.php(45): CodeIgniter\CodeIgniter->run()
#7 D:\sippbt\vendor\codeigniter4\framework\system\Commands\Server\rewrite.php(34): require_once('D:\\sippbt\\publi...')
#8 {main}
CRITICAL - 2021-01-05 04:18:09 --> Invalid file: master/pedaftaran/form.php
#0 D:\sippbt\vendor\codeigniter4\framework\system\View\View.php(228): CodeIgniter\Exceptions\FrameworkException::forInvalidFile('master/pedaftar...')
#1 D:\sippbt\vendor\codeigniter4\framework\system\Common.php(1119): CodeIgniter\View\View->render('master/pedaftar...', Array, true)
#2 D:\sippbt\app\Controllers\KelPendaftaranController.php(45): view('master/pedaftar...', Array)
#3 D:\sippbt\vendor\codeigniter4\framework\system\CodeIgniter.php(918): App\Controllers\KelPendaftaranController->create()
#4 D:\sippbt\vendor\codeigniter4\framework\system\CodeIgniter.php(404): CodeIgniter\CodeIgniter->runController(Object(App\Controllers\KelPendaftaranController))
#5 D:\sippbt\vendor\codeigniter4\framework\system\CodeIgniter.php(312): CodeIgniter\CodeIgniter->handleRequest(NULL, Object(Config\Cache), false)
#6 D:\sippbt\public\index.php(45): CodeIgniter\CodeIgniter->run()
#7 D:\sippbt\vendor\codeigniter4\framework\system\Commands\Server\rewrite.php(34): require_once('D:\\sippbt\\publi...')
#8 {main}
CRITICAL - 2021-01-05 04:18:20 --> Invalid file: master/pedaftaran/form.php
#0 D:\sippbt\vendor\codeigniter4\framework\system\View\View.php(228): CodeIgniter\Exceptions\FrameworkException::forInvalidFile('master/pedaftar...')
#1 D:\sippbt\vendor\codeigniter4\framework\system\Common.php(1119): CodeIgniter\View\View->render('master/pedaftar...', Array, true)
#2 D:\sippbt\app\Controllers\KelPendaftaranController.php(45): view('master/pedaftar...', Array)
#3 D:\sippbt\vendor\codeigniter4\framework\system\CodeIgniter.php(918): App\Controllers\KelPendaftaranController->create()
#4 D:\sippbt\vendor\codeigniter4\framework\system\CodeIgniter.php(404): CodeIgniter\CodeIgniter->runController(Object(App\Controllers\KelPendaftaranController))
#5 D:\sippbt\vendor\codeigniter4\framework\system\CodeIgniter.php(312): CodeIgniter\CodeIgniter->handleRequest(NULL, Object(Config\Cache), false)
#6 D:\sippbt\public\index.php(45): CodeIgniter\CodeIgniter->run()
#7 D:\sippbt\vendor\codeigniter4\framework\system\Commands\Server\rewrite.php(34): require_once('D:\\sippbt\\publi...')
#8 {main}
CRITICAL - 2021-01-05 04:19:47 --> Invalid file: master/pedaftaran/form.php
#0 D:\sippbt\vendor\codeigniter4\framework\system\View\View.php(228): CodeIgniter\Exceptions\FrameworkException::forInvalidFile('master/pedaftar...')
#1 D:\sippbt\vendor\codeigniter4\framework\system\Common.php(1119): CodeIgniter\View\View->render('master/pedaftar...', Array, true)
#2 D:\sippbt\app\Controllers\KelPendaftaranController.php(45): view('master/pedaftar...', Array)
#3 D:\sippbt\vendor\codeigniter4\framework\system\CodeIgniter.php(918): App\Controllers\KelPendaftaranController->create()
#4 D:\sippbt\vendor\codeigniter4\framework\system\CodeIgniter.php(404): CodeIgniter\CodeIgniter->runController(Object(App\Controllers\KelPendaftaranController))
#5 D:\sippbt\vendor\codeigniter4\framework\system\CodeIgniter.php(312): CodeIgniter\CodeIgniter->handleRequest(NULL, Object(Config\Cache), false)
#6 D:\sippbt\public\index.php(45): CodeIgniter\CodeIgniter->run()
#7 D:\sippbt\vendor\codeigniter4\framework\system\Commands\Server\rewrite.php(34): require_once('D:\\sippbt\\publi...')
#8 {main}
CRITICAL - 2021-01-05 11:37:46 --> fwrite(): write of 76 bytes failed with errno=22 Invalid argument
#0 [internal function]: CodeIgniter\Debug\Exceptions->errorHandler(8, 'fwrite(): write...', 'D:\\sippbt\\vendo...', 1156, Array)
#1 D:\sippbt\vendor\codeigniter4\framework\system\CLI\CLI.php(1156): fwrite(Resource id #2, '\e[0;32mCodeIgni...')
#2 D:\sippbt\vendor\codeigniter4\framework\system\CLI\CLI.php(379): CodeIgniter\CLI\CLI::fwrite(Resource id #2, '\e[0;32mCodeIgni...')
#3 D:\sippbt\vendor\codeigniter4\framework\system\Commands\Server\Serve.php(146): CodeIgniter\CLI\CLI::write('\e[0;32mCodeIgni...', 'green')
#4 D:\sippbt\vendor\codeigniter4\framework\system\Commands\Server\Serve.php(164): CodeIgniter\Commands\Server\Serve->run(Array)
#5 D:\sippbt\vendor\codeigniter4\framework\system\CLI\Commands.php(100): CodeIgniter\Commands\Server\Serve->run(Array)
#6 D:\sippbt\vendor\codeigniter4\framework\system\CLI\CommandRunner.php(107): CodeIgniter\CLI\Commands->run('serve', Array)
#7 D:\sippbt\vendor\codeigniter4\framework\system\CLI\CommandRunner.php(85): CodeIgniter\CLI\CommandRunner->index(Array)
#8 D:\sippbt\vendor\codeigniter4\framework\system\CodeIgniter.php(914): CodeIgniter\CLI\CommandRunner->_remap('index', 'serve')
#9 D:\sippbt\vendor\codeigniter4\framework\system\CodeIgniter.php(404): CodeIgniter\CodeIgniter->runController(Object(CodeIgniter\CLI\CommandRunner))
#10 D:\sippbt\vendor\codeigniter4\framework\system\CodeIgniter.php(312): CodeIgniter\CodeIgniter->handleRequest(NULL, Object(Config\Cache), false)
#11 D:\sippbt\vendor\codeigniter4\framework\system\CLI\Console.php(86): CodeIgniter\CodeIgniter->run()
#12 D:\sippbt\spark(57): CodeIgniter\CLI\Console->run()
#13 {main}
