CRITICAL - 2021-01-12 00:01:31 --> Undefined offset: 0
#0 D:\sippbt\vendor\codeigniter4\framework\system\Router\RouteCollection.php(1351): CodeIgniter\Debug\Exceptions->errorHandler(8, 'Undefined offse...', 'D:\\sippbt\\vendo...', 1351, Array)
#1 D:\sippbt\vendor\codeigniter4\framework\system\Router\RouteCollection.php(1220): CodeIgniter\Router\RouteCollection->fillRouteParams('dokter/edit/([0...', Array)
#2 D:\sippbt\vendor\codeigniter4\framework\system\Common.php(906): CodeIgniter\Router\RouteCollection->reverseRoute('dokter.edit')
#3 D:\sippbt\app\Views\master\dokter\data.php(40): route_to('dokter.edit')
#4 D:\sippbt\vendor\codeigniter4\framework\system\View\View.php(246): include('D:\\sippbt\\app\\V...')
#5 D:\sippbt\vendor\codeigniter4\framework\system\Common.php(1119): CodeIgniter\View\View->render('master/dokter/d...', Array, true)
#6 D:\sippbt\app\Controllers\KelDokterController.php(29): view('master/dokter/d...', Array)
#7 D:\sippbt\vendor\codeigniter4\framework\system\CodeIgniter.php(918): App\Controllers\KelDokterController->index()
#8 D:\sippbt\vendor\codeigniter4\framework\system\CodeIgniter.php(404): CodeIgniter\CodeIgniter->runController(Object(App\Controllers\KelDokterController))
#9 D:\sippbt\vendor\codeigniter4\framework\system\CodeIgniter.php(312): CodeIgniter\CodeIgniter->handleRequest(NULL, Object(Config\Cache), false)
#10 D:\sippbt\public\index.php(45): CodeIgniter\CodeIgniter->run()
#11 D:\sippbt\vendor\codeigniter4\framework\system\Commands\Server\rewrite.php(34): require_once('D:\\sippbt\\publi...')
#12 {main}
CRITICAL - 2021-01-12 00:03:44 --> Undefined index: id_obat
#0 D:\sippbt\app\Views\master\obat\form.php(10): CodeIgniter\Debug\Exceptions->errorHandler(8, 'Undefined index...', 'D:\\sippbt\\app\\V...', 10, Array)
#1 D:\sippbt\vendor\codeigniter4\framework\system\View\View.php(246): include('D:\\sippbt\\app\\V...')
#2 D:\sippbt\vendor\codeigniter4\framework\system\Common.php(1119): CodeIgniter\View\View->render('master/obat/for...', Array, true)
#3 D:\sippbt\app\Controllers\KelDokterController.php(56): view('master/obat/for...', Array)
#4 D:\sippbt\vendor\codeigniter4\framework\system\CodeIgniter.php(918): App\Controllers\KelDokterController->edit('1')
#5 D:\sippbt\vendor\codeigniter4\framework\system\CodeIgniter.php(404): CodeIgniter\CodeIgniter->runController(Object(App\Controllers\KelDokterController))
#6 D:\sippbt\vendor\codeigniter4\framework\system\CodeIgniter.php(312): CodeIgniter\CodeIgniter->handleRequest(NULL, Object(Config\Cache), false)
#7 D:\sippbt\public\index.php(45): CodeIgniter\CodeIgniter->run()
#8 D:\sippbt\vendor\codeigniter4\framework\system\Commands\Server\rewrite.php(34): require_once('D:\\sippbt\\publi...')
#9 {main}
CRITICAL - 2021-01-12 00:05:51 --> Undefined index: id_obat
#0 D:\sippbt\app\Views\master\obat\form.php(10): CodeIgniter\Debug\Exceptions->errorHandler(8, 'Undefined index...', 'D:\\sippbt\\app\\V...', 10, Array)
#1 D:\sippbt\vendor\codeigniter4\framework\system\View\View.php(246): include('D:\\sippbt\\app\\V...')
#2 D:\sippbt\vendor\codeigniter4\framework\system\Common.php(1119): CodeIgniter\View\View->render('master/obat/for...', Array, true)
#3 D:\sippbt\app\Controllers\KelDokterController.php(56): view('master/obat/for...', Array)
#4 D:\sippbt\vendor\codeigniter4\framework\system\CodeIgniter.php(918): App\Controllers\KelDokterController->edit('1')
#5 D:\sippbt\vendor\codeigniter4\framework\system\CodeIgniter.php(404): CodeIgniter\CodeIgniter->runController(Object(App\Controllers\KelDokterController))
#6 D:\sippbt\vendor\codeigniter4\framework\system\CodeIgniter.php(312): CodeIgniter\CodeIgniter->handleRequest(NULL, Object(Config\Cache), false)
#7 D:\sippbt\public\index.php(45): CodeIgniter\CodeIgniter->run()
#8 D:\sippbt\vendor\codeigniter4\framework\system\Commands\Server\rewrite.php(34): require_once('D:\\sippbt\\publi...')
#9 {main}
CRITICAL - 2021-01-12 00:06:37 --> Undefined variable: dokter
#0 D:\sippbt\app\Views\master\dokter\form.php(10): CodeIgniter\Debug\Exceptions->errorHandler(8, 'Undefined varia...', 'D:\\sippbt\\app\\V...', 10, Array)
#1 D:\sippbt\vendor\codeigniter4\framework\system\View\View.php(246): include('D:\\sippbt\\app\\V...')
#2 D:\sippbt\vendor\codeigniter4\framework\system\Common.php(1119): CodeIgniter\View\View->render('master/dokter/f...', Array, true)
#3 D:\sippbt\app\Controllers\KelDokterController.php(56): view('master/dokter/f...', Array)
#4 D:\sippbt\vendor\codeigniter4\framework\system\CodeIgniter.php(918): App\Controllers\KelDokterController->edit('1')
#5 D:\sippbt\vendor\codeigniter4\framework\system\CodeIgniter.php(404): CodeIgniter\CodeIgniter->runController(Object(App\Controllers\KelDokterController))
#6 D:\sippbt\vendor\codeigniter4\framework\system\CodeIgniter.php(312): CodeIgniter\CodeIgniter->handleRequest(NULL, Object(Config\Cache), false)
#7 D:\sippbt\public\index.php(45): CodeIgniter\CodeIgniter->run()
#8 D:\sippbt\vendor\codeigniter4\framework\system\Commands\Server\rewrite.php(34): require_once('D:\\sippbt\\publi...')
#9 {main}
CRITICAL - 2021-01-12 00:26:03 --> Too few arguments to function App\Controllers\KelPasienController::edit(), 0 passed in D:\sippbt\vendor\codeigniter4\framework\system\CodeIgniter.php on line 918 and exactly 1 expected
#0 D:\sippbt\vendor\codeigniter4\framework\system\CodeIgniter.php(918): App\Controllers\KelPasienController->edit()
#1 D:\sippbt\vendor\codeigniter4\framework\system\CodeIgniter.php(404): CodeIgniter\CodeIgniter->runController(Object(App\Controllers\KelPasienController))
#2 D:\sippbt\vendor\codeigniter4\framework\system\CodeIgniter.php(312): CodeIgniter\CodeIgniter->handleRequest(NULL, Object(Config\Cache), false)
#3 D:\sippbt\public\index.php(45): CodeIgniter\CodeIgniter->run()
#4 D:\sippbt\vendor\codeigniter4\framework\system\Commands\Server\rewrite.php(34): require_once('D:\\sippbt\\publi...')
#5 {main}
CRITICAL - 2021-01-12 00:26:38 --> Too few arguments to function App\Controllers\KelPasienController::edit(), 0 passed in D:\sippbt\vendor\codeigniter4\framework\system\CodeIgniter.php on line 918 and exactly 1 expected
#0 D:\sippbt\vendor\codeigniter4\framework\system\CodeIgniter.php(918): App\Controllers\KelPasienController->edit()
#1 D:\sippbt\vendor\codeigniter4\framework\system\CodeIgniter.php(404): CodeIgniter\CodeIgniter->runController(Object(App\Controllers\KelPasienController))
#2 D:\sippbt\vendor\codeigniter4\framework\system\CodeIgniter.php(312): CodeIgniter\CodeIgniter->handleRequest(NULL, Object(Config\Cache), false)
#3 D:\sippbt\public\index.php(45): CodeIgniter\CodeIgniter->run()
#4 D:\sippbt\vendor\codeigniter4\framework\system\Commands\Server\rewrite.php(34): require_once('D:\\sippbt\\publi...')
#5 {main}
CRITICAL - 2021-01-12 00:28:29 --> Too few arguments to function App\Controllers\KelPasienController::edit(), 0 passed in D:\sippbt\vendor\codeigniter4\framework\system\CodeIgniter.php on line 918 and exactly 1 expected
#0 D:\sippbt\vendor\codeigniter4\framework\system\CodeIgniter.php(918): App\Controllers\KelPasienController->edit()
#1 D:\sippbt\vendor\codeigniter4\framework\system\CodeIgniter.php(404): CodeIgniter\CodeIgniter->runController(Object(App\Controllers\KelPasienController))
#2 D:\sippbt\vendor\codeigniter4\framework\system\CodeIgniter.php(312): CodeIgniter\CodeIgniter->handleRequest(NULL, Object(Config\Cache), false)
#3 D:\sippbt\public\index.php(45): CodeIgniter\CodeIgniter->run()
#4 D:\sippbt\vendor\codeigniter4\framework\system\Commands\Server\rewrite.php(34): require_once('D:\\sippbt\\publi...')
#5 {main}
CRITICAL - 2021-01-12 00:29:48 --> Undefined offset: 0
#0 D:\sippbt\vendor\codeigniter4\framework\system\Router\RouteCollection.php(1351): CodeIgniter\Debug\Exceptions->errorHandler(8, 'Undefined offse...', 'D:\\sippbt\\vendo...', 1351, Array)
#1 D:\sippbt\vendor\codeigniter4\framework\system\Router\RouteCollection.php(1220): CodeIgniter\Router\RouteCollection->fillRouteParams('pasien/edit/([0...', Array)
#2 D:\sippbt\vendor\codeigniter4\framework\system\Common.php(906): CodeIgniter\Router\RouteCollection->reverseRoute('pasien.edit')
#3 D:\sippbt\app\Views\master\pasien\data.php(42): route_to('pasien.edit')
#4 D:\sippbt\vendor\codeigniter4\framework\system\View\View.php(246): include('D:\\sippbt\\app\\V...')
#5 D:\sippbt\vendor\codeigniter4\framework\system\Common.php(1119): CodeIgniter\View\View->render('master/pasien/d...', Array, true)
#6 D:\sippbt\app\Controllers\KelPasienController.php(33): view('master/pasien/d...', Array)
#7 D:\sippbt\vendor\codeigniter4\framework\system\CodeIgniter.php(918): App\Controllers\KelPasienController->index()
#8 D:\sippbt\vendor\codeigniter4\framework\system\CodeIgniter.php(404): CodeIgniter\CodeIgniter->runController(Object(App\Controllers\KelPasienController))
#9 D:\sippbt\vendor\codeigniter4\framework\system\CodeIgniter.php(312): CodeIgniter\CodeIgniter->handleRequest(NULL, Object(Config\Cache), false)
#10 D:\sippbt\public\index.php(45): CodeIgniter\CodeIgniter->run()
#11 D:\sippbt\vendor\codeigniter4\framework\system\Commands\Server\rewrite.php(34): require_once('D:\\sippbt\\publi...')
#12 {main}
CRITICAL - 2021-01-12 00:29:55 --> Undefined offset: 0
#0 D:\sippbt\vendor\codeigniter4\framework\system\Router\RouteCollection.php(1351): CodeIgniter\Debug\Exceptions->errorHandler(8, 'Undefined offse...', 'D:\\sippbt\\vendo...', 1351, Array)
#1 D:\sippbt\vendor\codeigniter4\framework\system\Router\RouteCollection.php(1220): CodeIgniter\Router\RouteCollection->fillRouteParams('pasien/edit/([0...', Array)
#2 D:\sippbt\vendor\codeigniter4\framework\system\Common.php(906): CodeIgniter\Router\RouteCollection->reverseRoute('pasien.edit')
#3 D:\sippbt\app\Views\master\pasien\data.php(42): route_to('pasien.edit')
#4 D:\sippbt\vendor\codeigniter4\framework\system\View\View.php(246): include('D:\\sippbt\\app\\V...')
#5 D:\sippbt\vendor\codeigniter4\framework\system\Common.php(1119): CodeIgniter\View\View->render('master/pasien/d...', Array, true)
#6 D:\sippbt\app\Controllers\KelPasienController.php(33): view('master/pasien/d...', Array)
#7 D:\sippbt\vendor\codeigniter4\framework\system\CodeIgniter.php(918): App\Controllers\KelPasienController->index()
#8 D:\sippbt\vendor\codeigniter4\framework\system\CodeIgniter.php(404): CodeIgniter\CodeIgniter->runController(Object(App\Controllers\KelPasienController))
#9 D:\sippbt\vendor\codeigniter4\framework\system\CodeIgniter.php(312): CodeIgniter\CodeIgniter->handleRequest(NULL, Object(Config\Cache), false)
#10 D:\sippbt\public\index.php(45): CodeIgniter\CodeIgniter->run()
#11 D:\sippbt\vendor\codeigniter4\framework\system\Commands\Server\rewrite.php(34): require_once('D:\\sippbt\\publi...')
#12 {main}
CRITICAL - 2021-01-12 00:35:06 --> Undefined offset: 0
#0 D:\sippbt\vendor\codeigniter4\framework\system\Router\RouteCollection.php(1351): CodeIgniter\Debug\Exceptions->errorHandler(8, 'Undefined offse...', 'D:\\sippbt\\vendo...', 1351, Array)
#1 D:\sippbt\vendor\codeigniter4\framework\system\Router\RouteCollection.php(1220): CodeIgniter\Router\RouteCollection->fillRouteParams('pasien/edit/([0...', Array)
#2 D:\sippbt\vendor\codeigniter4\framework\system\Common.php(906): CodeIgniter\Router\RouteCollection->reverseRoute('pasien.edit')
#3 D:\sippbt\app\Views\master\pasien\data.php(42): route_to('pasien.edit')
#4 D:\sippbt\vendor\codeigniter4\framework\system\View\View.php(246): include('D:\\sippbt\\app\\V...')
#5 D:\sippbt\vendor\codeigniter4\framework\system\Common.php(1119): CodeIgniter\View\View->render('master/pasien/d...', Array, true)
#6 D:\sippbt\app\Controllers\KelPasienController.php(33): view('master/pasien/d...', Array)
#7 D:\sippbt\vendor\codeigniter4\framework\system\CodeIgniter.php(918): App\Controllers\KelPasienController->index()
#8 D:\sippbt\vendor\codeigniter4\framework\system\CodeIgniter.php(404): CodeIgniter\CodeIgniter->runController(Object(App\Controllers\KelPasienController))
#9 D:\sippbt\vendor\codeigniter4\framework\system\CodeIgniter.php(312): CodeIgniter\CodeIgniter->handleRequest(NULL, Object(Config\Cache), false)
#10 D:\sippbt\public\index.php(45): CodeIgniter\CodeIgniter->run()
#11 D:\sippbt\vendor\codeigniter4\framework\system\Commands\Server\rewrite.php(34): require_once('D:\\sippbt\\publi...')
#12 {main}
CRITICAL - 2021-01-12 00:38:24 --> Undefined offset: 0
#0 D:\sippbt\vendor\codeigniter4\framework\system\Router\RouteCollection.php(1351): CodeIgniter\Debug\Exceptions->errorHandler(8, 'Undefined offse...', 'D:\\sippbt\\vendo...', 1351, Array)
#1 D:\sippbt\vendor\codeigniter4\framework\system\Router\RouteCollection.php(1220): CodeIgniter\Router\RouteCollection->fillRouteParams('pasien/edit/([0...', Array)
#2 D:\sippbt\vendor\codeigniter4\framework\system\Common.php(906): CodeIgniter\Router\RouteCollection->reverseRoute('pasien.edit')
#3 D:\sippbt\app\Views\master\pasien\data.php(42): route_to('pasien.edit')
#4 D:\sippbt\vendor\codeigniter4\framework\system\View\View.php(246): include('D:\\sippbt\\app\\V...')
#5 D:\sippbt\vendor\codeigniter4\framework\system\Common.php(1119): CodeIgniter\View\View->render('master/pasien/d...', Array, true)
#6 D:\sippbt\app\Controllers\KelPasienController.php(33): view('master/pasien/d...', Array)
#7 D:\sippbt\vendor\codeigniter4\framework\system\CodeIgniter.php(918): App\Controllers\KelPasienController->index()
#8 D:\sippbt\vendor\codeigniter4\framework\system\CodeIgniter.php(404): CodeIgniter\CodeIgniter->runController(Object(App\Controllers\KelPasienController))
#9 D:\sippbt\vendor\codeigniter4\framework\system\CodeIgniter.php(312): CodeIgniter\CodeIgniter->handleRequest(NULL, Object(Config\Cache), false)
#10 D:\sippbt\public\index.php(45): CodeIgniter\CodeIgniter->run()
#11 D:\sippbt\vendor\codeigniter4\framework\system\Commands\Server\rewrite.php(34): require_once('D:\\sippbt\\publi...')
#12 {main}
CRITICAL - 2021-01-12 01:09:11 --> Router.invalidParameterType
#0 D:\sippbt\vendor\codeigniter4\framework\system\Router\RouteCollection.php(1357): CodeIgniter\Router\Exceptions\RouterException::forInvalidParameterType()
#1 D:\sippbt\vendor\codeigniter4\framework\system\Router\RouteCollection.php(1220): CodeIgniter\Router\RouteCollection->fillRouteParams('pendaftaran/edi...', Array)
#2 D:\sippbt\vendor\codeigniter4\framework\system\Common.php(906): CodeIgniter\Router\RouteCollection->reverseRoute('pendaftaran.edi...', '')
#3 D:\sippbt\app\Views\master\pendaftaran\data.php(54): route_to('pendaftaran.edi...', '')
#4 D:\sippbt\vendor\codeigniter4\framework\system\View\View.php(246): include('D:\\sippbt\\app\\V...')
#5 D:\sippbt\vendor\codeigniter4\framework\system\Common.php(1119): CodeIgniter\View\View->render('master/pendafta...', Array, true)
#6 D:\sippbt\app\Controllers\KelPendaftaranController.php(34): view('master/pendafta...', Array)
#7 D:\sippbt\vendor\codeigniter4\framework\system\CodeIgniter.php(918): App\Controllers\KelPendaftaranController->index()
#8 D:\sippbt\vendor\codeigniter4\framework\system\CodeIgniter.php(404): CodeIgniter\CodeIgniter->runController(Object(App\Controllers\KelPendaftaranController))
#9 D:\sippbt\vendor\codeigniter4\framework\system\CodeIgniter.php(312): CodeIgniter\CodeIgniter->handleRequest(NULL, Object(Config\Cache), false)
#10 D:\sippbt\public\index.php(45): CodeIgniter\CodeIgniter->run()
#11 D:\sippbt\vendor\codeigniter4\framework\system\Commands\Server\rewrite.php(34): require_once('D:\\sippbt\\publi...')
#12 {main}
CRITICAL - 2021-01-12 01:10:56 --> Router.invalidParameterType
#0 D:\sippbt\vendor\codeigniter4\framework\system\Router\RouteCollection.php(1357): CodeIgniter\Router\Exceptions\RouterException::forInvalidParameterType()
#1 D:\sippbt\vendor\codeigniter4\framework\system\Router\RouteCollection.php(1220): CodeIgniter\Router\RouteCollection->fillRouteParams('pendaftaran/edi...', Array)
#2 D:\sippbt\vendor\codeigniter4\framework\system\Common.php(906): CodeIgniter\Router\RouteCollection->reverseRoute('pendaftaran.edi...', '')
#3 D:\sippbt\app\Views\master\pendaftaran\data.php(54): route_to('pendaftaran.edi...', '')
#4 D:\sippbt\vendor\codeigniter4\framework\system\View\View.php(246): include('D:\\sippbt\\app\\V...')
#5 D:\sippbt\vendor\codeigniter4\framework\system\Common.php(1119): CodeIgniter\View\View->render('master/pendafta...', Array, true)
#6 D:\sippbt\app\Controllers\KelPendaftaranController.php(34): view('master/pendafta...', Array)
#7 D:\sippbt\vendor\codeigniter4\framework\system\CodeIgniter.php(918): App\Controllers\KelPendaftaranController->index()
#8 D:\sippbt\vendor\codeigniter4\framework\system\CodeIgniter.php(404): CodeIgniter\CodeIgniter->runController(Object(App\Controllers\KelPendaftaranController))
#9 D:\sippbt\vendor\codeigniter4\framework\system\CodeIgniter.php(312): CodeIgniter\CodeIgniter->handleRequest(NULL, Object(Config\Cache), false)
#10 D:\sippbt\public\index.php(45): CodeIgniter\CodeIgniter->run()
#11 D:\sippbt\vendor\codeigniter4\framework\system\Commands\Server\rewrite.php(34): require_once('D:\\sippbt\\publi...')
#12 {main}
CRITICAL - 2021-01-12 01:12:50 --> Router.invalidParameterType
#0 D:\sippbt\vendor\codeigniter4\framework\system\Router\RouteCollection.php(1357): CodeIgniter\Router\Exceptions\RouterException::forInvalidParameterType()
#1 D:\sippbt\vendor\codeigniter4\framework\system\Router\RouteCollection.php(1220): CodeIgniter\Router\RouteCollection->fillRouteParams('pendaftaran/edi...', Array)
#2 D:\sippbt\vendor\codeigniter4\framework\system\Common.php(906): CodeIgniter\Router\RouteCollection->reverseRoute('pendaftaran.edi...', '')
#3 D:\sippbt\app\Views\master\pendaftaran\data.php(54): route_to('pendaftaran.edi...', '')
#4 D:\sippbt\vendor\codeigniter4\framework\system\View\View.php(246): include('D:\\sippbt\\app\\V...')
#5 D:\sippbt\vendor\codeigniter4\framework\system\Common.php(1119): CodeIgniter\View\View->render('master/pendafta...', Array, true)
#6 D:\sippbt\app\Controllers\KelPendaftaranController.php(34): view('master/pendafta...', Array)
#7 D:\sippbt\vendor\codeigniter4\framework\system\CodeIgniter.php(918): App\Controllers\KelPendaftaranController->index()
#8 D:\sippbt\vendor\codeigniter4\framework\system\CodeIgniter.php(404): CodeIgniter\CodeIgniter->runController(Object(App\Controllers\KelPendaftaranController))
#9 D:\sippbt\vendor\codeigniter4\framework\system\CodeIgniter.php(312): CodeIgniter\CodeIgniter->handleRequest(NULL, Object(Config\Cache), false)
#10 D:\sippbt\public\index.php(45): CodeIgniter\CodeIgniter->run()
#11 D:\sippbt\vendor\codeigniter4\framework\system\Commands\Server\rewrite.php(34): require_once('D:\\sippbt\\publi...')
#12 {main}
CRITICAL - 2021-01-12 01:14:38 --> Router.invalidParameterType
#0 D:\sippbt\vendor\codeigniter4\framework\system\Router\RouteCollection.php(1357): CodeIgniter\Router\Exceptions\RouterException::forInvalidParameterType()
#1 D:\sippbt\vendor\codeigniter4\framework\system\Router\RouteCollection.php(1220): CodeIgniter\Router\RouteCollection->fillRouteParams('pendaftaran/edi...', Array)
#2 D:\sippbt\vendor\codeigniter4\framework\system\Common.php(906): CodeIgniter\Router\RouteCollection->reverseRoute('pendaftaran.edi...', '')
#3 D:\sippbt\app\Views\master\pendaftaran\data.php(54): route_to('pendaftaran.edi...', '')
#4 D:\sippbt\vendor\codeigniter4\framework\system\View\View.php(246): include('D:\\sippbt\\app\\V...')
#5 D:\sippbt\vendor\codeigniter4\framework\system\Common.php(1119): CodeIgniter\View\View->render('master/pendafta...', Array, true)
#6 D:\sippbt\app\Controllers\KelPendaftaranController.php(34): view('master/pendafta...', Array)
#7 D:\sippbt\vendor\codeigniter4\framework\system\CodeIgniter.php(918): App\Controllers\KelPendaftaranController->index()
#8 D:\sippbt\vendor\codeigniter4\framework\system\CodeIgniter.php(404): CodeIgniter\CodeIgniter->runController(Object(App\Controllers\KelPendaftaranController))
#9 D:\sippbt\vendor\codeigniter4\framework\system\CodeIgniter.php(312): CodeIgniter\CodeIgniter->handleRequest(NULL, Object(Config\Cache), false)
#10 D:\sippbt\public\index.php(45): CodeIgniter\CodeIgniter->run()
#11 D:\sippbt\vendor\codeigniter4\framework\system\Commands\Server\rewrite.php(34): require_once('D:\\sippbt\\publi...')
#12 {main}
CRITICAL - 2021-01-12 01:17:52 --> Router.invalidParameterType
#0 D:\sippbt\vendor\codeigniter4\framework\system\Router\RouteCollection.php(1357): CodeIgniter\Router\Exceptions\RouterException::forInvalidParameterType()
#1 D:\sippbt\vendor\codeigniter4\framework\system\Router\RouteCollection.php(1220): CodeIgniter\Router\RouteCollection->fillRouteParams('pendaftaran/edi...', Array)
#2 D:\sippbt\vendor\codeigniter4\framework\system\Common.php(906): CodeIgniter\Router\RouteCollection->reverseRoute('pendaftaran.edi...', '')
#3 D:\sippbt\app\Views\master\pendaftaran\data.php(54): route_to('pendaftaran.edi...', '')
#4 D:\sippbt\vendor\codeigniter4\framework\system\View\View.php(246): include('D:\\sippbt\\app\\V...')
#5 D:\sippbt\vendor\codeigniter4\framework\system\Common.php(1119): CodeIgniter\View\View->render('master/pendafta...', Array, true)
#6 D:\sippbt\app\Controllers\KelPendaftaranController.php(34): view('master/pendafta...', Array)
#7 D:\sippbt\vendor\codeigniter4\framework\system\CodeIgniter.php(918): App\Controllers\KelPendaftaranController->index()
#8 D:\sippbt\vendor\codeigniter4\framework\system\CodeIgniter.php(404): CodeIgniter\CodeIgniter->runController(Object(App\Controllers\KelPendaftaranController))
#9 D:\sippbt\vendor\codeigniter4\framework\system\CodeIgniter.php(312): CodeIgniter\CodeIgniter->handleRequest(NULL, Object(Config\Cache), false)
#10 D:\sippbt\public\index.php(45): CodeIgniter\CodeIgniter->run()
#11 D:\sippbt\vendor\codeigniter4\framework\system\Commands\Server\rewrite.php(34): require_once('D:\\sippbt\\publi...')
#12 {main}
CRITICAL - 2021-01-12 01:18:14 --> Router.invalidParameterType
#0 D:\sippbt\vendor\codeigniter4\framework\system\Router\RouteCollection.php(1357): CodeIgniter\Router\Exceptions\RouterException::forInvalidParameterType()
#1 D:\sippbt\vendor\codeigniter4\framework\system\Router\RouteCollection.php(1220): CodeIgniter\Router\RouteCollection->fillRouteParams('pendaftaran/edi...', Array)
#2 D:\sippbt\vendor\codeigniter4\framework\system\Common.php(906): CodeIgniter\Router\RouteCollection->reverseRoute('pendaftaran.edi...', NULL)
#3 D:\sippbt\app\Views\master\pendaftaran\data.php(54): route_to('pendaftaran.edi...', NULL)
#4 D:\sippbt\vendor\codeigniter4\framework\system\View\View.php(246): include('D:\\sippbt\\app\\V...')
#5 D:\sippbt\vendor\codeigniter4\framework\system\Common.php(1119): CodeIgniter\View\View->render('master/pendafta...', Array, true)
#6 D:\sippbt\app\Controllers\KelPendaftaranController.php(34): view('master/pendafta...', Array)
#7 D:\sippbt\vendor\codeigniter4\framework\system\CodeIgniter.php(918): App\Controllers\KelPendaftaranController->index()
#8 D:\sippbt\vendor\codeigniter4\framework\system\CodeIgniter.php(404): CodeIgniter\CodeIgniter->runController(Object(App\Controllers\KelPendaftaranController))
#9 D:\sippbt\vendor\codeigniter4\framework\system\CodeIgniter.php(312): CodeIgniter\CodeIgniter->handleRequest(NULL, Object(Config\Cache), false)
#10 D:\sippbt\public\index.php(45): CodeIgniter\CodeIgniter->run()
#11 D:\sippbt\vendor\codeigniter4\framework\system\Commands\Server\rewrite.php(34): require_once('D:\\sippbt\\publi...')
#12 {main}
CRITICAL - 2021-01-12 01:20:14 --> Router.invalidParameterType
#0 D:\sippbt\vendor\codeigniter4\framework\system\Router\RouteCollection.php(1357): CodeIgniter\Router\Exceptions\RouterException::forInvalidParameterType()
#1 D:\sippbt\vendor\codeigniter4\framework\system\Router\RouteCollection.php(1220): CodeIgniter\Router\RouteCollection->fillRouteParams('pendaftaran/edi...', Array)
#2 D:\sippbt\vendor\codeigniter4\framework\system\Common.php(906): CodeIgniter\Router\RouteCollection->reverseRoute('pendaftaran.edi...', '')
#3 D:\sippbt\app\Views\master\pendaftaran\data.php(54): route_to('pendaftaran.edi...', '')
#4 D:\sippbt\vendor\codeigniter4\framework\system\View\View.php(246): include('D:\\sippbt\\app\\V...')
#5 D:\sippbt\vendor\codeigniter4\framework\system\Common.php(1119): CodeIgniter\View\View->render('master/pendafta...', Array, true)
#6 D:\sippbt\app\Controllers\KelPendaftaranController.php(34): view('master/pendafta...', Array)
#7 D:\sippbt\vendor\codeigniter4\framework\system\CodeIgniter.php(918): App\Controllers\KelPendaftaranController->index()
#8 D:\sippbt\vendor\codeigniter4\framework\system\CodeIgniter.php(404): CodeIgniter\CodeIgniter->runController(Object(App\Controllers\KelPendaftaranController))
#9 D:\sippbt\vendor\codeigniter4\framework\system\CodeIgniter.php(312): CodeIgniter\CodeIgniter->handleRequest(NULL, Object(Config\Cache), false)
#10 D:\sippbt\public\index.php(45): CodeIgniter\CodeIgniter->run()
#11 D:\sippbt\vendor\codeigniter4\framework\system\Commands\Server\rewrite.php(34): require_once('D:\\sippbt\\publi...')
#12 {main}
CRITICAL - 2021-01-12 01:21:18 --> Router.invalidParameterType
#0 D:\sippbt\vendor\codeigniter4\framework\system\Router\RouteCollection.php(1357): CodeIgniter\Router\Exceptions\RouterException::forInvalidParameterType()
#1 D:\sippbt\vendor\codeigniter4\framework\system\Router\RouteCollection.php(1220): CodeIgniter\Router\RouteCollection->fillRouteParams('pasien/edit/([0...', Array)
#2 D:\sippbt\vendor\codeigniter4\framework\system\Common.php(906): CodeIgniter\Router\RouteCollection->reverseRoute('pasien.edit', '')
#3 D:\sippbt\app\Views\master\pendaftaran\data.php(54): route_to('pasien.edit', '')
#4 D:\sippbt\vendor\codeigniter4\framework\system\View\View.php(246): include('D:\\sippbt\\app\\V...')
#5 D:\sippbt\vendor\codeigniter4\framework\system\Common.php(1119): CodeIgniter\View\View->render('master/pendafta...', Array, true)
#6 D:\sippbt\app\Controllers\KelPendaftaranController.php(34): view('master/pendafta...', Array)
#7 D:\sippbt\vendor\codeigniter4\framework\system\CodeIgniter.php(918): App\Controllers\KelPendaftaranController->index()
#8 D:\sippbt\vendor\codeigniter4\framework\system\CodeIgniter.php(404): CodeIgniter\CodeIgniter->runController(Object(App\Controllers\KelPendaftaranController))
#9 D:\sippbt\vendor\codeigniter4\framework\system\CodeIgniter.php(312): CodeIgniter\CodeIgniter->handleRequest(NULL, Object(Config\Cache), false)
#10 D:\sippbt\public\index.php(45): CodeIgniter\CodeIgniter->run()
#11 D:\sippbt\vendor\codeigniter4\framework\system\Commands\Server\rewrite.php(34): require_once('D:\\sippbt\\publi...')
#12 {main}
CRITICAL - 2021-01-12 01:22:09 --> Router.invalidParameterType
#0 D:\sippbt\vendor\codeigniter4\framework\system\Router\RouteCollection.php(1357): CodeIgniter\Router\Exceptions\RouterException::forInvalidParameterType()
#1 D:\sippbt\vendor\codeigniter4\framework\system\Router\RouteCollection.php(1220): CodeIgniter\Router\RouteCollection->fillRouteParams('pendaftaran/edi...', Array)
#2 D:\sippbt\vendor\codeigniter4\framework\system\Common.php(906): CodeIgniter\Router\RouteCollection->reverseRoute('pendaftaran.edi...', '')
#3 D:\sippbt\app\Views\master\pendaftaran\data.php(54): route_to('pendaftaran.edi...', '')
#4 D:\sippbt\vendor\codeigniter4\framework\system\View\View.php(246): include('D:\\sippbt\\app\\V...')
#5 D:\sippbt\vendor\codeigniter4\framework\system\Common.php(1119): CodeIgniter\View\View->render('master/pendafta...', Array, true)
#6 D:\sippbt\app\Controllers\KelPendaftaranController.php(34): view('master/pendafta...', Array)
#7 D:\sippbt\vendor\codeigniter4\framework\system\CodeIgniter.php(918): App\Controllers\KelPendaftaranController->index()
#8 D:\sippbt\vendor\codeigniter4\framework\system\CodeIgniter.php(404): CodeIgniter\CodeIgniter->runController(Object(App\Controllers\KelPendaftaranController))
#9 D:\sippbt\vendor\codeigniter4\framework\system\CodeIgniter.php(312): CodeIgniter\CodeIgniter->handleRequest(NULL, Object(Config\Cache), false)
#10 D:\sippbt\public\index.php(45): CodeIgniter\CodeIgniter->run()
#11 D:\sippbt\vendor\codeigniter4\framework\system\Commands\Server\rewrite.php(34): require_once('D:\\sippbt\\publi...')
#12 {main}
CRITICAL - 2021-01-12 01:23:26 --> Router.invalidParameterType
#0 D:\sippbt\vendor\codeigniter4\framework\system\Router\RouteCollection.php(1357): CodeIgniter\Router\Exceptions\RouterException::forInvalidParameterType()
#1 D:\sippbt\vendor\codeigniter4\framework\system\Router\RouteCollection.php(1220): CodeIgniter\Router\RouteCollection->fillRouteParams('pendaftaran/edi...', Array)
#2 D:\sippbt\vendor\codeigniter4\framework\system\Common.php(906): CodeIgniter\Router\RouteCollection->reverseRoute('pendaftaran.edi...', '')
#3 D:\sippbt\app\Views\master\pendaftaran\data.php(54): route_to('pendaftaran.edi...', '')
#4 D:\sippbt\vendor\codeigniter4\framework\system\View\View.php(246): include('D:\\sippbt\\app\\V...')
#5 D:\sippbt\vendor\codeigniter4\framework\system\Common.php(1119): CodeIgniter\View\View->render('master/pendafta...', Array, true)
#6 D:\sippbt\app\Controllers\KelPendaftaranController.php(34): view('master/pendafta...', Array)
#7 D:\sippbt\vendor\codeigniter4\framework\system\CodeIgniter.php(918): App\Controllers\KelPendaftaranController->index()
#8 D:\sippbt\vendor\codeigniter4\framework\system\CodeIgniter.php(404): CodeIgniter\CodeIgniter->runController(Object(App\Controllers\KelPendaftaranController))
#9 D:\sippbt\vendor\codeigniter4\framework\system\CodeIgniter.php(312): CodeIgniter\CodeIgniter->handleRequest(NULL, Object(Config\Cache), false)
#10 D:\sippbt\public\index.php(45): CodeIgniter\CodeIgniter->run()
#11 D:\sippbt\vendor\codeigniter4\framework\system\Commands\Server\rewrite.php(34): require_once('D:\\sippbt\\publi...')
#12 {main}
CRITICAL - 2021-01-12 01:25:25 --> Router.invalidParameterType
#0 D:\sippbt\vendor\codeigniter4\framework\system\Router\RouteCollection.php(1357): CodeIgniter\Router\Exceptions\RouterException::forInvalidParameterType()
#1 D:\sippbt\vendor\codeigniter4\framework\system\Router\RouteCollection.php(1220): CodeIgniter\Router\RouteCollection->fillRouteParams('pendaftaran/edi...', Array)
#2 D:\sippbt\vendor\codeigniter4\framework\system\Common.php(906): CodeIgniter\Router\RouteCollection->reverseRoute('pendaftaran.edi...', '')
#3 D:\sippbt\app\Views\master\pendaftaran\data.php(54): route_to('pendaftaran.edi...', '')
#4 D:\sippbt\vendor\codeigniter4\framework\system\View\View.php(246): include('D:\\sippbt\\app\\V...')
#5 D:\sippbt\vendor\codeigniter4\framework\system\Common.php(1119): CodeIgniter\View\View->render('master/pendafta...', Array, true)
#6 D:\sippbt\app\Controllers\KelPendaftaranController.php(34): view('master/pendafta...', Array)
#7 D:\sippbt\vendor\codeigniter4\framework\system\CodeIgniter.php(918): App\Controllers\KelPendaftaranController->index()
#8 D:\sippbt\vendor\codeigniter4\framework\system\CodeIgniter.php(404): CodeIgniter\CodeIgniter->runController(Object(App\Controllers\KelPendaftaranController))
#9 D:\sippbt\vendor\codeigniter4\framework\system\CodeIgniter.php(312): CodeIgniter\CodeIgniter->handleRequest(NULL, Object(Config\Cache), false)
#10 D:\sippbt\public\index.php(45): CodeIgniter\CodeIgniter->run()
#11 D:\sippbt\vendor\codeigniter4\framework\system\Commands\Server\rewrite.php(34): require_once('D:\\sippbt\\publi...')
#12 {main}
CRITICAL - 2021-01-12 01:26:18 --> Router.invalidParameterType
#0 D:\sippbt\vendor\codeigniter4\framework\system\Router\RouteCollection.php(1357): CodeIgniter\Router\Exceptions\RouterException::forInvalidParameterType()
#1 D:\sippbt\vendor\codeigniter4\framework\system\Router\RouteCollection.php(1220): CodeIgniter\Router\RouteCollection->fillRouteParams('pendaftaran/edi...', Array)
#2 D:\sippbt\vendor\codeigniter4\framework\system\Common.php(906): CodeIgniter\Router\RouteCollection->reverseRoute('pendaftaran.edi...', '')
#3 D:\sippbt\app\Views\master\pendaftaran\data.php(54): route_to('pendaftaran.edi...', '')
#4 D:\sippbt\vendor\codeigniter4\framework\system\View\View.php(246): include('D:\\sippbt\\app\\V...')
#5 D:\sippbt\vendor\codeigniter4\framework\system\Common.php(1119): CodeIgniter\View\View->render('master/pendafta...', Array, true)
#6 D:\sippbt\app\Controllers\KelPendaftaranController.php(34): view('master/pendafta...', Array)
#7 D:\sippbt\vendor\codeigniter4\framework\system\CodeIgniter.php(918): App\Controllers\KelPendaftaranController->index()
#8 D:\sippbt\vendor\codeigniter4\framework\system\CodeIgniter.php(404): CodeIgniter\CodeIgniter->runController(Object(App\Controllers\KelPendaftaranController))
#9 D:\sippbt\vendor\codeigniter4\framework\system\CodeIgniter.php(312): CodeIgniter\CodeIgniter->handleRequest(NULL, Object(Config\Cache), false)
#10 D:\sippbt\public\index.php(45): CodeIgniter\CodeIgniter->run()
#11 D:\sippbt\vendor\codeigniter4\framework\system\Commands\Server\rewrite.php(34): require_once('D:\\sippbt\\publi...')
#12 {main}
CRITICAL - 2021-01-12 01:38:40 --> Call to a member function update() on array
#0 D:\sippbt\vendor\codeigniter4\framework\system\CodeIgniter.php(918): App\Controllers\KelObatController->update('1')
#1 D:\sippbt\vendor\codeigniter4\framework\system\CodeIgniter.php(404): CodeIgniter\CodeIgniter->runController(Object(App\Controllers\KelObatController))
#2 D:\sippbt\vendor\codeigniter4\framework\system\CodeIgniter.php(312): CodeIgniter\CodeIgniter->handleRequest(NULL, Object(Config\Cache), false)
#3 D:\sippbt\public\index.php(45): CodeIgniter\CodeIgniter->run()
#4 D:\sippbt\vendor\codeigniter4\framework\system\Commands\Server\rewrite.php(34): require_once('D:\\sippbt\\publi...')
#5 {main}
CRITICAL - 2021-01-12 01:39:44 --> Call to a member function update() on array
#0 D:\sippbt\vendor\codeigniter4\framework\system\CodeIgniter.php(918): App\Controllers\KelObatController->update('1')
#1 D:\sippbt\vendor\codeigniter4\framework\system\CodeIgniter.php(404): CodeIgniter\CodeIgniter->runController(Object(App\Controllers\KelObatController))
#2 D:\sippbt\vendor\codeigniter4\framework\system\CodeIgniter.php(312): CodeIgniter\CodeIgniter->handleRequest(NULL, Object(Config\Cache), false)
#3 D:\sippbt\public\index.php(45): CodeIgniter\CodeIgniter->run()
#4 D:\sippbt\vendor\codeigniter4\framework\system\Commands\Server\rewrite.php(34): require_once('D:\\sippbt\\publi...')
#5 {main}
CRITICAL - 2021-01-12 01:40:28 --> Call to a member function update() on array
#0 D:\sippbt\vendor\codeigniter4\framework\system\CodeIgniter.php(918): App\Controllers\KelObatController->update('1')
#1 D:\sippbt\vendor\codeigniter4\framework\system\CodeIgniter.php(404): CodeIgniter\CodeIgniter->runController(Object(App\Controllers\KelObatController))
#2 D:\sippbt\vendor\codeigniter4\framework\system\CodeIgniter.php(312): CodeIgniter\CodeIgniter->handleRequest(NULL, Object(Config\Cache), false)
#3 D:\sippbt\public\index.php(45): CodeIgniter\CodeIgniter->run()
#4 D:\sippbt\vendor\codeigniter4\framework\system\Commands\Server\rewrite.php(34): require_once('D:\\sippbt\\publi...')
#5 {main}
CRITICAL - 2021-01-12 08:20:16 --> Array to string conversion
#0 D:\sippbt\app\Views\master\dokter\data.php(33): CodeIgniter\Debug\Exceptions->errorHandler(8, 'Array to string...', 'D:\\sippbt\\app\\V...', 33, Array)
#1 D:\sippbt\vendor\codeigniter4\framework\system\View\View.php(246): include('D:\\sippbt\\app\\V...')
#2 D:\sippbt\vendor\codeigniter4\framework\system\Common.php(1119): CodeIgniter\View\View->render('master/dokter/d...', Array, true)
#3 D:\sippbt\app\Controllers\KelDokterController.php(29): view('master/dokter/d...', Array)
#4 D:\sippbt\vendor\codeigniter4\framework\system\CodeIgniter.php(918): App\Controllers\KelDokterController->index()
#5 D:\sippbt\vendor\codeigniter4\framework\system\CodeIgniter.php(404): CodeIgniter\CodeIgniter->runController(Object(App\Controllers\KelDokterController))
#6 D:\sippbt\vendor\codeigniter4\framework\system\CodeIgniter.php(312): CodeIgniter\CodeIgniter->handleRequest(NULL, Object(Config\Cache), false)
#7 D:\sippbt\public\index.php(45): CodeIgniter\CodeIgniter->run()
#8 D:\sippbt\vendor\codeigniter4\framework\system\Commands\Server\rewrite.php(34): require_once('D:\\sippbt\\publi...')
#9 {main}
CRITICAL - 2021-01-12 08:35:56 --> Undefined property: App\Controllers\KelDokterController::$input
#0 D:\sippbt\app\Controllers\KelDokterController.php(102): CodeIgniter\Debug\Exceptions->errorHandler(8, 'Undefined prope...', 'D:\\sippbt\\app\\C...', 102, Array)
#1 D:\sippbt\vendor\codeigniter4\framework\system\CodeIgniter.php(918): App\Controllers\KelDokterController->delete('5')
#2 D:\sippbt\vendor\codeigniter4\framework\system\CodeIgniter.php(404): CodeIgniter\CodeIgniter->runController(Object(App\Controllers\KelDokterController))
#3 D:\sippbt\vendor\codeigniter4\framework\system\CodeIgniter.php(312): CodeIgniter\CodeIgniter->handleRequest(NULL, Object(Config\Cache), false)
#4 D:\sippbt\public\index.php(45): CodeIgniter\CodeIgniter->run()
#5 D:\sippbt\vendor\codeigniter4\framework\system\Commands\Server\rewrite.php(34): require_once('D:\\sippbt\\publi...')
#6 {main}
