CRITICAL - 2021-01-13 04:27:21 --> Undefined offset: 0
#0 D:\sippbt\vendor\codeigniter4\framework\system\Router\RouteCollection.php(1351): CodeIgniter\Debug\Exceptions->errorHandler(8, 'Undefined offse...', 'D:\\sippbt\\vendo...', 1351, Array)
#1 D:\sippbt\vendor\codeigniter4\framework\system\Router\RouteCollection.php(1220): CodeIgniter\Router\RouteCollection->fillRouteParams('pemeriksaan/edi...', Array)
#2 D:\sippbt\vendor\codeigniter4\framework\system\Common.php(906): CodeIgniter\Router\RouteCollection->reverseRoute('pemeriksaan.edi...')
#3 D:\sippbt\app\Views\master\pemeriksaan\data.php(12): route_to('pemeriksaan.edi...')
#4 D:\sippbt\vendor\codeigniter4\framework\system\View\View.php(246): include('D:\\sippbt\\app\\V...')
#5 D:\sippbt\vendor\codeigniter4\framework\system\Common.php(1119): CodeIgniter\View\View->render('master/pemeriks...', Array, true)
#6 D:\sippbt\app\Controllers\KelPemeriksaanController.php(34): view('master/pemeriks...', Array)
#7 D:\sippbt\vendor\codeigniter4\framework\system\CodeIgniter.php(918): App\Controllers\KelPemeriksaanController->index()
#8 D:\sippbt\vendor\codeigniter4\framework\system\CodeIgniter.php(404): CodeIgniter\CodeIgniter->runController(Object(App\Controllers\KelPemeriksaanController))
#9 D:\sippbt\vendor\codeigniter4\framework\system\CodeIgniter.php(312): CodeIgniter\CodeIgniter->handleRequest(NULL, Object(Config\Cache), false)
#10 D:\sippbt\public\index.php(45): CodeIgniter\CodeIgniter->run()
#11 D:\sippbt\vendor\codeigniter4\framework\system\Commands\Server\rewrite.php(34): require_once('D:\\sippbt\\publi...')
#12 {main}
CRITICAL - 2021-01-13 04:27:31 --> Undefined offset: 0
#0 D:\sippbt\vendor\codeigniter4\framework\system\Router\RouteCollection.php(1351): CodeIgniter\Debug\Exceptions->errorHandler(8, 'Undefined offse...', 'D:\\sippbt\\vendo...', 1351, Array)
#1 D:\sippbt\vendor\codeigniter4\framework\system\Router\RouteCollection.php(1220): CodeIgniter\Router\RouteCollection->fillRouteParams('pemeriksaan/edi...', Array)
#2 D:\sippbt\vendor\codeigniter4\framework\system\Common.php(906): CodeIgniter\Router\RouteCollection->reverseRoute('pemeriksaan.edi...')
#3 D:\sippbt\app\Views\master\pemeriksaan\data.php(12): route_to('pemeriksaan.edi...')
#4 D:\sippbt\vendor\codeigniter4\framework\system\View\View.php(246): include('D:\\sippbt\\app\\V...')
#5 D:\sippbt\vendor\codeigniter4\framework\system\Common.php(1119): CodeIgniter\View\View->render('master/pemeriks...', Array, true)
#6 D:\sippbt\app\Controllers\KelPemeriksaanController.php(34): view('master/pemeriks...', Array)
#7 D:\sippbt\vendor\codeigniter4\framework\system\CodeIgniter.php(918): App\Controllers\KelPemeriksaanController->index()
#8 D:\sippbt\vendor\codeigniter4\framework\system\CodeIgniter.php(404): CodeIgniter\CodeIgniter->runController(Object(App\Controllers\KelPemeriksaanController))
#9 D:\sippbt\vendor\codeigniter4\framework\system\CodeIgniter.php(312): CodeIgniter\CodeIgniter->handleRequest(NULL, Object(Config\Cache), false)
#10 D:\sippbt\public\index.php(45): CodeIgniter\CodeIgniter->run()
#11 D:\sippbt\vendor\codeigniter4\framework\system\Commands\Server\rewrite.php(34): require_once('D:\\sippbt\\publi...')
#12 {main}
CRITICAL - 2021-01-13 04:27:37 --> Undefined offset: 0
#0 D:\sippbt\vendor\codeigniter4\framework\system\Router\RouteCollection.php(1351): CodeIgniter\Debug\Exceptions->errorHandler(8, 'Undefined offse...', 'D:\\sippbt\\vendo...', 1351, Array)
#1 D:\sippbt\vendor\codeigniter4\framework\system\Router\RouteCollection.php(1220): CodeIgniter\Router\RouteCollection->fillRouteParams('pemeriksaan/edi...', Array)
#2 D:\sippbt\vendor\codeigniter4\framework\system\Common.php(906): CodeIgniter\Router\RouteCollection->reverseRoute('pemeriksaan.edi...')
#3 D:\sippbt\app\Views\master\pemeriksaan\data.php(12): route_to('pemeriksaan.edi...')
#4 D:\sippbt\vendor\codeigniter4\framework\system\View\View.php(246): include('D:\\sippbt\\app\\V...')
#5 D:\sippbt\vendor\codeigniter4\framework\system\Common.php(1119): CodeIgniter\View\View->render('master/pemeriks...', Array, true)
#6 D:\sippbt\app\Controllers\KelPemeriksaanController.php(34): view('master/pemeriks...', Array)
#7 D:\sippbt\vendor\codeigniter4\framework\system\CodeIgniter.php(918): App\Controllers\KelPemeriksaanController->index()
#8 D:\sippbt\vendor\codeigniter4\framework\system\CodeIgniter.php(404): CodeIgniter\CodeIgniter->runController(Object(App\Controllers\KelPemeriksaanController))
#9 D:\sippbt\vendor\codeigniter4\framework\system\CodeIgniter.php(312): CodeIgniter\CodeIgniter->handleRequest(NULL, Object(Config\Cache), false)
#10 D:\sippbt\public\index.php(45): CodeIgniter\CodeIgniter->run()
#11 D:\sippbt\vendor\codeigniter4\framework\system\Commands\Server\rewrite.php(34): require_once('D:\\sippbt\\publi...')
#12 {main}
CRITICAL - 2021-01-13 06:00:22 --> Undefined variable: data
#0 D:\sippbt\app\Views\master\pemeriksaan\data.php(38): CodeIgniter\Debug\Exceptions->errorHandler(8, 'Undefined varia...', 'D:\\sippbt\\app\\V...', 38, Array)
#1 D:\sippbt\vendor\codeigniter4\framework\system\View\View.php(246): include('D:\\sippbt\\app\\V...')
#2 D:\sippbt\vendor\codeigniter4\framework\system\Common.php(1119): CodeIgniter\View\View->render('master/pemeriks...', Array, true)
#3 D:\sippbt\app\Controllers\KelPemeriksaanController.php(34): view('master/pemeriks...', Array)
#4 D:\sippbt\vendor\codeigniter4\framework\system\CodeIgniter.php(918): App\Controllers\KelPemeriksaanController->index()
#5 D:\sippbt\vendor\codeigniter4\framework\system\CodeIgniter.php(404): CodeIgniter\CodeIgniter->runController(Object(App\Controllers\KelPemeriksaanController))
#6 D:\sippbt\vendor\codeigniter4\framework\system\CodeIgniter.php(312): CodeIgniter\CodeIgniter->handleRequest(NULL, Object(Config\Cache), false)
#7 D:\sippbt\public\index.php(45): CodeIgniter\CodeIgniter->run()
#8 D:\sippbt\vendor\codeigniter4\framework\system\Commands\Server\rewrite.php(34): require_once('D:\\sippbt\\publi...')
#9 {main}
CRITICAL - 2021-01-13 07:23:37 --> Undefined variable: data
#0 D:\sippbt\app\Views\master\pemeriksaan\data.php(40): CodeIgniter\Debug\Exceptions->errorHandler(8, 'Undefined varia...', 'D:\\sippbt\\app\\V...', 40, Array)
#1 D:\sippbt\vendor\codeigniter4\framework\system\View\View.php(246): include('D:\\sippbt\\app\\V...')
#2 D:\sippbt\vendor\codeigniter4\framework\system\Common.php(1119): CodeIgniter\View\View->render('master/pemeriks...', Array, true)
#3 D:\sippbt\app\Controllers\KelPemeriksaanController.php(34): view('master/pemeriks...', Array)
#4 D:\sippbt\vendor\codeigniter4\framework\system\CodeIgniter.php(918): App\Controllers\KelPemeriksaanController->index()
#5 D:\sippbt\vendor\codeigniter4\framework\system\CodeIgniter.php(404): CodeIgniter\CodeIgniter->runController(Object(App\Controllers\KelPemeriksaanController))
#6 D:\sippbt\vendor\codeigniter4\framework\system\CodeIgniter.php(312): CodeIgniter\CodeIgniter->handleRequest(NULL, Object(Config\Cache), false)
#7 D:\sippbt\public\index.php(45): CodeIgniter\CodeIgniter->run()
#8 D:\sippbt\vendor\codeigniter4\framework\system\Commands\Server\rewrite.php(34): require_once('D:\\sippbt\\publi...')
#9 {main}
CRITICAL - 2021-01-13 07:37:57 --> Undefined variable: data
#0 D:\sippbt\app\Views\master\pemeriksaan\data.php(40): CodeIgniter\Debug\Exceptions->errorHandler(8, 'Undefined varia...', 'D:\\sippbt\\app\\V...', 40, Array)
#1 D:\sippbt\vendor\codeigniter4\framework\system\View\View.php(246): include('D:\\sippbt\\app\\V...')
#2 D:\sippbt\vendor\codeigniter4\framework\system\Common.php(1119): CodeIgniter\View\View->render('master/pemeriks...', Array, true)
#3 D:\sippbt\app\Controllers\KelPemeriksaanController.php(34): view('master/pemeriks...', Array)
#4 D:\sippbt\vendor\codeigniter4\framework\system\CodeIgniter.php(918): App\Controllers\KelPemeriksaanController->index()
#5 D:\sippbt\vendor\codeigniter4\framework\system\CodeIgniter.php(404): CodeIgniter\CodeIgniter->runController(Object(App\Controllers\KelPemeriksaanController))
#6 D:\sippbt\vendor\codeigniter4\framework\system\CodeIgniter.php(312): CodeIgniter\CodeIgniter->handleRequest(NULL, Object(Config\Cache), false)
#7 D:\sippbt\public\index.php(45): CodeIgniter\CodeIgniter->run()
#8 D:\sippbt\vendor\codeigniter4\framework\system\Commands\Server\rewrite.php(34): require_once('D:\\sippbt\\publi...')
#9 {main}
CRITICAL - 2021-01-13 07:41:37 --> Undefined variable: data
#0 D:\sippbt\app\Views\master\pemeriksaan\data.php(35): CodeIgniter\Debug\Exceptions->errorHandler(8, 'Undefined varia...', 'D:\\sippbt\\app\\V...', 35, Array)
#1 D:\sippbt\vendor\codeigniter4\framework\system\View\View.php(246): include('D:\\sippbt\\app\\V...')
#2 D:\sippbt\vendor\codeigniter4\framework\system\Common.php(1119): CodeIgniter\View\View->render('master/pemeriks...', Array, true)
#3 D:\sippbt\app\Controllers\KelPemeriksaanController.php(34): view('master/pemeriks...', Array)
#4 D:\sippbt\vendor\codeigniter4\framework\system\CodeIgniter.php(918): App\Controllers\KelPemeriksaanController->index()
#5 D:\sippbt\vendor\codeigniter4\framework\system\CodeIgniter.php(404): CodeIgniter\CodeIgniter->runController(Object(App\Controllers\KelPemeriksaanController))
#6 D:\sippbt\vendor\codeigniter4\framework\system\CodeIgniter.php(312): CodeIgniter\CodeIgniter->handleRequest(NULL, Object(Config\Cache), false)
#7 D:\sippbt\public\index.php(45): CodeIgniter\CodeIgniter->run()
#8 D:\sippbt\vendor\codeigniter4\framework\system\Commands\Server\rewrite.php(34): require_once('D:\\sippbt\\publi...')
#9 {main}
CRITICAL - 2021-01-13 07:43:17 --> Undefined variable: data
#0 D:\sippbt\app\Views\master\pemeriksaan\data.php(34): CodeIgniter\Debug\Exceptions->errorHandler(8, 'Undefined varia...', 'D:\\sippbt\\app\\V...', 34, Array)
#1 D:\sippbt\vendor\codeigniter4\framework\system\View\View.php(246): include('D:\\sippbt\\app\\V...')
#2 D:\sippbt\vendor\codeigniter4\framework\system\Common.php(1119): CodeIgniter\View\View->render('master/pemeriks...', Array, true)
#3 D:\sippbt\app\Controllers\KelPemeriksaanController.php(34): view('master/pemeriks...', Array)
#4 D:\sippbt\vendor\codeigniter4\framework\system\CodeIgniter.php(918): App\Controllers\KelPemeriksaanController->index()
#5 D:\sippbt\vendor\codeigniter4\framework\system\CodeIgniter.php(404): CodeIgniter\CodeIgniter->runController(Object(App\Controllers\KelPemeriksaanController))
#6 D:\sippbt\vendor\codeigniter4\framework\system\CodeIgniter.php(312): CodeIgniter\CodeIgniter->handleRequest(NULL, Object(Config\Cache), false)
#7 D:\sippbt\public\index.php(45): CodeIgniter\CodeIgniter->run()
#8 D:\sippbt\vendor\codeigniter4\framework\system\Commands\Server\rewrite.php(34): require_once('D:\\sippbt\\publi...')
#9 {main}
CRITICAL - 2021-01-13 08:09:20 --> Undefined variable: data
#0 D:\sippbt\app\Views\master\pemeriksaan\data.php(34): CodeIgniter\Debug\Exceptions->errorHandler(8, 'Undefined varia...', 'D:\\sippbt\\app\\V...', 34, Array)
#1 D:\sippbt\vendor\codeigniter4\framework\system\View\View.php(246): include('D:\\sippbt\\app\\V...')
#2 D:\sippbt\vendor\codeigniter4\framework\system\Common.php(1119): CodeIgniter\View\View->render('master/pemeriks...', Array, true)
#3 D:\sippbt\app\Controllers\KelPemeriksaanController.php(34): view('master/pemeriks...', Array)
#4 D:\sippbt\vendor\codeigniter4\framework\system\CodeIgniter.php(918): App\Controllers\KelPemeriksaanController->index()
#5 D:\sippbt\vendor\codeigniter4\framework\system\CodeIgniter.php(404): CodeIgniter\CodeIgniter->runController(Object(App\Controllers\KelPemeriksaanController))
#6 D:\sippbt\vendor\codeigniter4\framework\system\CodeIgniter.php(312): CodeIgniter\CodeIgniter->handleRequest(NULL, Object(Config\Cache), false)
#7 D:\sippbt\public\index.php(45): CodeIgniter\CodeIgniter->run()
#8 D:\sippbt\vendor\codeigniter4\framework\system\Commands\Server\rewrite.php(34): require_once('D:\\sippbt\\publi...')
#9 {main}
CRITICAL - 2021-01-13 08:16:07 --> Undefined variable: data
#0 D:\sippbt\app\Views\master\pemeriksaan\data.php(34): CodeIgniter\Debug\Exceptions->errorHandler(8, 'Undefined varia...', 'D:\\sippbt\\app\\V...', 34, Array)
#1 D:\sippbt\vendor\codeigniter4\framework\system\View\View.php(246): include('D:\\sippbt\\app\\V...')
#2 D:\sippbt\vendor\codeigniter4\framework\system\Common.php(1119): CodeIgniter\View\View->render('master/pemeriks...', Array, true)
#3 D:\sippbt\app\Controllers\KelPemeriksaanController.php(34): view('master/pemeriks...', Array)
#4 D:\sippbt\vendor\codeigniter4\framework\system\CodeIgniter.php(918): App\Controllers\KelPemeriksaanController->index()
#5 D:\sippbt\vendor\codeigniter4\framework\system\CodeIgniter.php(404): CodeIgniter\CodeIgniter->runController(Object(App\Controllers\KelPemeriksaanController))
#6 D:\sippbt\vendor\codeigniter4\framework\system\CodeIgniter.php(312): CodeIgniter\CodeIgniter->handleRequest(NULL, Object(Config\Cache), false)
#7 D:\sippbt\public\index.php(45): CodeIgniter\CodeIgniter->run()
#8 D:\sippbt\vendor\codeigniter4\framework\system\Commands\Server\rewrite.php(34): require_once('D:\\sippbt\\publi...')
#9 {main}
