CRITICAL - 2021-01-11 22:43:59 --> Too few arguments to function App\Controllers\KelObatController::edit(), 0 passed in D:\sippbt\vendor\codeigniter4\framework\system\CodeIgniter.php on line 918 and exactly 1 expected
#0 D:\sippbt\vendor\codeigniter4\framework\system\CodeIgniter.php(918): App\Controllers\KelObatController->edit()
#1 D:\sippbt\vendor\codeigniter4\framework\system\CodeIgniter.php(404): CodeIgniter\CodeIgniter->runController(Object(App\Controllers\KelObatController))
#2 D:\sippbt\vendor\codeigniter4\framework\system\CodeIgniter.php(312): CodeIgniter\CodeIgniter->handleRequest(NULL, Object(Config\Cache), false)
#3 D:\sippbt\public\index.php(45): CodeIgniter\CodeIgniter->run()
#4 D:\sippbt\vendor\codeigniter4\framework\system\Commands\Server\rewrite.php(34): require_once('D:\\sippbt\\publi...')
#5 {main}
CRITICAL - 2021-01-11 22:46:03 --> Undefined variable: validation
#0 D:\sippbt\app\Views\master\obat\form.php(14): CodeIgniter\Debug\Exceptions->errorHandler(8, 'Undefined varia...', 'D:\\sippbt\\app\\V...', 14, Array)
#1 D:\sippbt\vendor\codeigniter4\framework\system\View\View.php(246): include('D:\\sippbt\\app\\V...')
#2 D:\sippbt\vendor\codeigniter4\framework\system\Common.php(1119): CodeIgniter\View\View->render('master/obat/for...', Array, true)
#3 D:\sippbt\app\Controllers\KelObatController.php(55): view('master/obat/for...', Array)
#4 D:\sippbt\vendor\codeigniter4\framework\system\CodeIgniter.php(918): App\Controllers\KelObatController->edit('1')
#5 D:\sippbt\vendor\codeigniter4\framework\system\CodeIgniter.php(404): CodeIgniter\CodeIgniter->runController(Object(App\Controllers\KelObatController))
#6 D:\sippbt\vendor\codeigniter4\framework\system\CodeIgniter.php(312): CodeIgniter\CodeIgniter->handleRequest(NULL, Object(Config\Cache), false)
#7 D:\sippbt\public\index.php(45): CodeIgniter\CodeIgniter->run()
#8 D:\sippbt\vendor\codeigniter4\framework\system\Commands\Server\rewrite.php(34): require_once('D:\\sippbt\\publi...')
#9 {main}
CRITICAL - 2021-01-11 22:46:43 --> Undefined variable: validation
#0 D:\sippbt\app\Views\master\obat\form.php(14): CodeIgniter\Debug\Exceptions->errorHandler(8, 'Undefined varia...', 'D:\\sippbt\\app\\V...', 14, Array)
#1 D:\sippbt\vendor\codeigniter4\framework\system\View\View.php(246): include('D:\\sippbt\\app\\V...')
#2 D:\sippbt\vendor\codeigniter4\framework\system\Common.php(1119): CodeIgniter\View\View->render('master/obat/for...', Array, true)
#3 D:\sippbt\app\Controllers\KelObatController.php(56): view('master/obat/for...', Array)
#4 D:\sippbt\vendor\codeigniter4\framework\system\CodeIgniter.php(918): App\Controllers\KelObatController->edit('1')
#5 D:\sippbt\vendor\codeigniter4\framework\system\CodeIgniter.php(404): CodeIgniter\CodeIgniter->runController(Object(App\Controllers\KelObatController))
#6 D:\sippbt\vendor\codeigniter4\framework\system\CodeIgniter.php(312): CodeIgniter\CodeIgniter->handleRequest(NULL, Object(Config\Cache), false)
#7 D:\sippbt\public\index.php(45): CodeIgniter\CodeIgniter->run()
#8 D:\sippbt\vendor\codeigniter4\framework\system\Commands\Server\rewrite.php(34): require_once('D:\\sippbt\\publi...')
#9 {main}
CRITICAL - 2021-01-11 22:46:45 --> Undefined variable: validation
#0 D:\sippbt\app\Views\master\obat\form.php(14): CodeIgniter\Debug\Exceptions->errorHandler(8, 'Undefined varia...', 'D:\\sippbt\\app\\V...', 14, Array)
#1 D:\sippbt\vendor\codeigniter4\framework\system\View\View.php(246): include('D:\\sippbt\\app\\V...')
#2 D:\sippbt\vendor\codeigniter4\framework\system\Common.php(1119): CodeIgniter\View\View->render('master/obat/for...', Array, true)
#3 D:\sippbt\app\Controllers\KelObatController.php(56): view('master/obat/for...', Array)
#4 D:\sippbt\vendor\codeigniter4\framework\system\CodeIgniter.php(918): App\Controllers\KelObatController->edit('1')
#5 D:\sippbt\vendor\codeigniter4\framework\system\CodeIgniter.php(404): CodeIgniter\CodeIgniter->runController(Object(App\Controllers\KelObatController))
#6 D:\sippbt\vendor\codeigniter4\framework\system\CodeIgniter.php(312): CodeIgniter\CodeIgniter->handleRequest(NULL, Object(Config\Cache), false)
#7 D:\sippbt\public\index.php(45): CodeIgniter\CodeIgniter->run()
#8 D:\sippbt\vendor\codeigniter4\framework\system\Commands\Server\rewrite.php(34): require_once('D:\\sippbt\\publi...')
#9 {main}
CRITICAL - 2021-01-11 22:48:12 --> Array to string conversion
#0 D:\sippbt\app\Views\master\obat\form.php(12): CodeIgniter\Debug\Exceptions->errorHandler(8, 'Array to string...', 'D:\\sippbt\\app\\V...', 12, Array)
#1 D:\sippbt\vendor\codeigniter4\framework\system\View\View.php(246): include('D:\\sippbt\\app\\V...')
#2 D:\sippbt\vendor\codeigniter4\framework\system\Common.php(1119): CodeIgniter\View\View->render('master/obat/for...', Array, true)
#3 D:\sippbt\app\Controllers\KelObatController.php(57): view('master/obat/for...', Array)
#4 D:\sippbt\vendor\codeigniter4\framework\system\CodeIgniter.php(918): App\Controllers\KelObatController->edit('1')
#5 D:\sippbt\vendor\codeigniter4\framework\system\CodeIgniter.php(404): CodeIgniter\CodeIgniter->runController(Object(App\Controllers\KelObatController))
#6 D:\sippbt\vendor\codeigniter4\framework\system\CodeIgniter.php(312): CodeIgniter\CodeIgniter->handleRequest(NULL, Object(Config\Cache), false)
#7 D:\sippbt\public\index.php(45): CodeIgniter\CodeIgniter->run()
#8 D:\sippbt\vendor\codeigniter4\framework\system\Commands\Server\rewrite.php(34): require_once('D:\\sippbt\\publi...')
#9 {main}
CRITICAL - 2021-01-11 22:48:38 --> Undefined variable: data
#0 D:\sippbt\app\Views\master\obat\form.php(12): CodeIgniter\Debug\Exceptions->errorHandler(8, 'Undefined varia...', 'D:\\sippbt\\app\\V...', 12, Array)
#1 D:\sippbt\vendor\codeigniter4\framework\system\View\View.php(246): include('D:\\sippbt\\app\\V...')
#2 D:\sippbt\vendor\codeigniter4\framework\system\Common.php(1119): CodeIgniter\View\View->render('master/obat/for...', Array, true)
#3 D:\sippbt\app\Controllers\KelObatController.php(57): view('master/obat/for...', Array)
#4 D:\sippbt\vendor\codeigniter4\framework\system\CodeIgniter.php(918): App\Controllers\KelObatController->edit('1')
#5 D:\sippbt\vendor\codeigniter4\framework\system\CodeIgniter.php(404): CodeIgniter\CodeIgniter->runController(Object(App\Controllers\KelObatController))
#6 D:\sippbt\vendor\codeigniter4\framework\system\CodeIgniter.php(312): CodeIgniter\CodeIgniter->handleRequest(NULL, Object(Config\Cache), false)
#7 D:\sippbt\public\index.php(45): CodeIgniter\CodeIgniter->run()
#8 D:\sippbt\vendor\codeigniter4\framework\system\Commands\Server\rewrite.php(34): require_once('D:\\sippbt\\publi...')
#9 {main}
CRITICAL - 2021-01-11 22:48:58 --> Array to string conversion
#0 D:\sippbt\app\Views\master\obat\form.php(12): CodeIgniter\Debug\Exceptions->errorHandler(8, 'Array to string...', 'D:\\sippbt\\app\\V...', 12, Array)
#1 D:\sippbt\vendor\codeigniter4\framework\system\View\View.php(246): include('D:\\sippbt\\app\\V...')
#2 D:\sippbt\vendor\codeigniter4\framework\system\Common.php(1119): CodeIgniter\View\View->render('master/obat/for...', Array, true)
#3 D:\sippbt\app\Controllers\KelObatController.php(57): view('master/obat/for...', Array)
#4 D:\sippbt\vendor\codeigniter4\framework\system\CodeIgniter.php(918): App\Controllers\KelObatController->edit('1')
#5 D:\sippbt\vendor\codeigniter4\framework\system\CodeIgniter.php(404): CodeIgniter\CodeIgniter->runController(Object(App\Controllers\KelObatController))
#6 D:\sippbt\vendor\codeigniter4\framework\system\CodeIgniter.php(312): CodeIgniter\CodeIgniter->handleRequest(NULL, Object(Config\Cache), false)
#7 D:\sippbt\public\index.php(45): CodeIgniter\CodeIgniter->run()
#8 D:\sippbt\vendor\codeigniter4\framework\system\Commands\Server\rewrite.php(34): require_once('D:\\sippbt\\publi...')
#9 {main}
CRITICAL - 2021-01-11 22:51:43 --> Undefined offset: 0
#0 D:\sippbt\vendor\codeigniter4\framework\system\Router\RouteCollection.php(1351): CodeIgniter\Debug\Exceptions->errorHandler(8, 'Undefined offse...', 'D:\\sippbt\\vendo...', 1351, Array)
#1 D:\sippbt\vendor\codeigniter4\framework\system\Router\RouteCollection.php(1220): CodeIgniter\Router\RouteCollection->fillRouteParams('obat/edit/([0-9...', Array)
#2 D:\sippbt\vendor\codeigniter4\framework\system\Common.php(906): CodeIgniter\Router\RouteCollection->reverseRoute('obat.edit')
#3 D:\sippbt\app\Views\master\obat\data.php(12): route_to('obat.edit')
#4 D:\sippbt\vendor\codeigniter4\framework\system\View\View.php(246): include('D:\\sippbt\\app\\V...')
#5 D:\sippbt\vendor\codeigniter4\framework\system\Common.php(1119): CodeIgniter\View\View->render('master/obat/dat...', Array, true)
#6 D:\sippbt\app\Controllers\KelObatController.php(31): view('master/obat/dat...', Array)
#7 D:\sippbt\vendor\codeigniter4\framework\system\CodeIgniter.php(918): App\Controllers\KelObatController->index()
#8 D:\sippbt\vendor\codeigniter4\framework\system\CodeIgniter.php(404): CodeIgniter\CodeIgniter->runController(Object(App\Controllers\KelObatController))
#9 D:\sippbt\vendor\codeigniter4\framework\system\CodeIgniter.php(312): CodeIgniter\CodeIgniter->handleRequest(NULL, Object(Config\Cache), false)
#10 D:\sippbt\public\index.php(45): CodeIgniter\CodeIgniter->run()
#11 D:\sippbt\vendor\codeigniter4\framework\system\Commands\Server\rewrite.php(34): require_once('D:\\sippbt\\publi...')
#12 {main}
CRITICAL - 2021-01-11 22:52:03 --> Undefined offset: 0
#0 D:\sippbt\vendor\codeigniter4\framework\system\Router\RouteCollection.php(1351): CodeIgniter\Debug\Exceptions->errorHandler(8, 'Undefined offse...', 'D:\\sippbt\\vendo...', 1351, Array)
#1 D:\sippbt\vendor\codeigniter4\framework\system\Router\RouteCollection.php(1220): CodeIgniter\Router\RouteCollection->fillRouteParams('obat/edit/([0-9...', Array)
#2 D:\sippbt\vendor\codeigniter4\framework\system\Common.php(906): CodeIgniter\Router\RouteCollection->reverseRoute('obat.edit')
#3 D:\sippbt\app\Views\master\obat\data.php(12): route_to('obat.edit')
#4 D:\sippbt\vendor\codeigniter4\framework\system\View\View.php(246): include('D:\\sippbt\\app\\V...')
#5 D:\sippbt\vendor\codeigniter4\framework\system\Common.php(1119): CodeIgniter\View\View->render('master/obat/dat...', Array, true)
#6 D:\sippbt\app\Controllers\KelObatController.php(31): view('master/obat/dat...', Array)
#7 D:\sippbt\vendor\codeigniter4\framework\system\CodeIgniter.php(918): App\Controllers\KelObatController->index()
#8 D:\sippbt\vendor\codeigniter4\framework\system\CodeIgniter.php(404): CodeIgniter\CodeIgniter->runController(Object(App\Controllers\KelObatController))
#9 D:\sippbt\vendor\codeigniter4\framework\system\CodeIgniter.php(312): CodeIgniter\CodeIgniter->handleRequest(NULL, Object(Config\Cache), false)
#10 D:\sippbt\public\index.php(45): CodeIgniter\CodeIgniter->run()
#11 D:\sippbt\vendor\codeigniter4\framework\system\Commands\Server\rewrite.php(34): require_once('D:\\sippbt\\publi...')
#12 {main}
CRITICAL - 2021-01-11 22:54:27 --> Undefined variable: obat
#0 D:\sippbt\app\Views\master\obat\form.php(16): CodeIgniter\Debug\Exceptions->errorHandler(8, 'Undefined varia...', 'D:\\sippbt\\app\\V...', 16, Array)
#1 D:\sippbt\vendor\codeigniter4\framework\system\View\View.php(246): include('D:\\sippbt\\app\\V...')
#2 D:\sippbt\vendor\codeigniter4\framework\system\Common.php(1119): CodeIgniter\View\View->render('master/obat/for...', Array, true)
#3 D:\sippbt\app\Controllers\KelObatController.php(41): view('master/obat/for...', Array)
#4 D:\sippbt\vendor\codeigniter4\framework\system\CodeIgniter.php(918): App\Controllers\KelObatController->create()
#5 D:\sippbt\vendor\codeigniter4\framework\system\CodeIgniter.php(404): CodeIgniter\CodeIgniter->runController(Object(App\Controllers\KelObatController))
#6 D:\sippbt\vendor\codeigniter4\framework\system\CodeIgniter.php(312): CodeIgniter\CodeIgniter->handleRequest(NULL, Object(Config\Cache), false)
#7 D:\sippbt\public\index.php(45): CodeIgniter\CodeIgniter->run()
#8 D:\sippbt\vendor\codeigniter4\framework\system\Commands\Server\rewrite.php(34): require_once('D:\\sippbt\\publi...')
#9 {main}
CRITICAL - 2021-01-11 22:56:14 --> Undefined variable: edit
#0 D:\sippbt\app\Views\master\obat\form.php(14): CodeIgniter\Debug\Exceptions->errorHandler(8, 'Undefined varia...', 'D:\\sippbt\\app\\V...', 14, Array)
#1 D:\sippbt\vendor\codeigniter4\framework\system\View\View.php(246): include('D:\\sippbt\\app\\V...')
#2 D:\sippbt\vendor\codeigniter4\framework\system\Common.php(1119): CodeIgniter\View\View->render('master/obat/for...', Array, true)
#3 D:\sippbt\app\Controllers\KelObatController.php(41): view('master/obat/for...', Array)
#4 D:\sippbt\vendor\codeigniter4\framework\system\CodeIgniter.php(918): App\Controllers\KelObatController->create()
#5 D:\sippbt\vendor\codeigniter4\framework\system\CodeIgniter.php(404): CodeIgniter\CodeIgniter->runController(Object(App\Controllers\KelObatController))
#6 D:\sippbt\vendor\codeigniter4\framework\system\CodeIgniter.php(312): CodeIgniter\CodeIgniter->handleRequest(NULL, Object(Config\Cache), false)
#7 D:\sippbt\public\index.php(45): CodeIgniter\CodeIgniter->run()
#8 D:\sippbt\vendor\codeigniter4\framework\system\Commands\Server\rewrite.php(34): require_once('D:\\sippbt\\publi...')
#9 {main}
CRITICAL - 2021-01-11 22:59:47 --> Undefined variable: obat
#0 D:\sippbt\app\Views\master\obat\form.php(14): CodeIgniter\Debug\Exceptions->errorHandler(8, 'Undefined varia...', 'D:\\sippbt\\app\\V...', 14, Array)
#1 D:\sippbt\vendor\codeigniter4\framework\system\View\View.php(246): include('D:\\sippbt\\app\\V...')
#2 D:\sippbt\vendor\codeigniter4\framework\system\Common.php(1119): CodeIgniter\View\View->render('master/obat/for...', Array, true)
#3 D:\sippbt\app\Controllers\KelObatController.php(41): view('master/obat/for...', Array)
#4 D:\sippbt\vendor\codeigniter4\framework\system\CodeIgniter.php(918): App\Controllers\KelObatController->create()
#5 D:\sippbt\vendor\codeigniter4\framework\system\CodeIgniter.php(404): CodeIgniter\CodeIgniter->runController(Object(App\Controllers\KelObatController))
#6 D:\sippbt\vendor\codeigniter4\framework\system\CodeIgniter.php(312): CodeIgniter\CodeIgniter->handleRequest(NULL, Object(Config\Cache), false)
#7 D:\sippbt\public\index.php(45): CodeIgniter\CodeIgniter->run()
#8 D:\sippbt\vendor\codeigniter4\framework\system\Commands\Server\rewrite.php(34): require_once('D:\\sippbt\\publi...')
#9 {main}
CRITICAL - 2021-01-11 23:00:16 --> Unparenthesized `a ?: b ? c : d` is deprecated. Use either `(a ?: b) ? c : d` or `a ?: (b ? c : d)`
#0 D:\sippbt\vendor\codeigniter4\framework\system\View\View.php(246): CodeIgniter\Debug\Exceptions->errorHandler(8192, 'Unparenthesized...', 'D:\\sippbt\\app\\V...', 14, Array)
#1 D:\sippbt\vendor\codeigniter4\framework\system\View\View.php(246): include()
#2 D:\sippbt\vendor\codeigniter4\framework\system\Common.php(1119): CodeIgniter\View\View->render('master/obat/for...', Array, true)
#3 D:\sippbt\app\Controllers\KelObatController.php(41): view('master/obat/for...', Array)
#4 D:\sippbt\vendor\codeigniter4\framework\system\CodeIgniter.php(918): App\Controllers\KelObatController->create()
#5 D:\sippbt\vendor\codeigniter4\framework\system\CodeIgniter.php(404): CodeIgniter\CodeIgniter->runController(Object(App\Controllers\KelObatController))
#6 D:\sippbt\vendor\codeigniter4\framework\system\CodeIgniter.php(312): CodeIgniter\CodeIgniter->handleRequest(NULL, Object(Config\Cache), false)
#7 D:\sippbt\public\index.php(45): CodeIgniter\CodeIgniter->run()
#8 D:\sippbt\vendor\codeigniter4\framework\system\Commands\Server\rewrite.php(34): require_once('D:\\sippbt\\publi...')
#9 {main}
CRITICAL - 2021-01-11 23:10:51 --> Undefined variable: data
#0 D:\sippbt\app\Views\master\obat\form.php(10): CodeIgniter\Debug\Exceptions->errorHandler(8, 'Undefined varia...', 'D:\\sippbt\\app\\V...', 10, Array)
#1 D:\sippbt\vendor\codeigniter4\framework\system\View\View.php(246): include('D:\\sippbt\\app\\V...')
#2 D:\sippbt\vendor\codeigniter4\framework\system\Common.php(1119): CodeIgniter\View\View->render('master/obat/for...', Array, true)
#3 D:\sippbt\app\Controllers\KelObatController.php(57): view('master/obat/for...', Array)
#4 D:\sippbt\vendor\codeigniter4\framework\system\CodeIgniter.php(918): App\Controllers\KelObatController->edit('1')
#5 D:\sippbt\vendor\codeigniter4\framework\system\CodeIgniter.php(404): CodeIgniter\CodeIgniter->runController(Object(App\Controllers\KelObatController))
#6 D:\sippbt\vendor\codeigniter4\framework\system\CodeIgniter.php(312): CodeIgniter\CodeIgniter->handleRequest(NULL, Object(Config\Cache), false)
#7 D:\sippbt\public\index.php(45): CodeIgniter\CodeIgniter->run()
#8 D:\sippbt\vendor\codeigniter4\framework\system\Commands\Server\rewrite.php(34): require_once('D:\\sippbt\\publi...')
#9 {main}
CRITICAL - 2021-01-11 23:49:12 --> Undefined offset: 0
#0 D:\sippbt\vendor\codeigniter4\framework\system\Router\RouteCollection.php(1351): CodeIgniter\Debug\Exceptions->errorHandler(8, 'Undefined offse...', 'D:\\sippbt\\vendo...', 1351, Array)
#1 D:\sippbt\vendor\codeigniter4\framework\system\Router\RouteCollection.php(1220): CodeIgniter\Router\RouteCollection->fillRouteParams('dokter/edit/([0...', Array)
#2 D:\sippbt\vendor\codeigniter4\framework\system\Common.php(906): CodeIgniter\Router\RouteCollection->reverseRoute('dokter.edit')
#3 D:\sippbt\app\Views\master\dokter\data.php(40): route_to('dokter.edit')
#4 D:\sippbt\vendor\codeigniter4\framework\system\View\View.php(246): include('D:\\sippbt\\app\\V...')
#5 D:\sippbt\vendor\codeigniter4\framework\system\Common.php(1119): CodeIgniter\View\View->render('master/dokter/d...', Array, true)
#6 D:\sippbt\app\Controllers\KelDokterController.php(29): view('master/dokter/d...', Array)
#7 D:\sippbt\vendor\codeigniter4\framework\system\CodeIgniter.php(918): App\Controllers\KelDokterController->index()
#8 D:\sippbt\vendor\codeigniter4\framework\system\CodeIgniter.php(404): CodeIgniter\CodeIgniter->runController(Object(App\Controllers\KelDokterController))
#9 D:\sippbt\vendor\codeigniter4\framework\system\CodeIgniter.php(312): CodeIgniter\CodeIgniter->handleRequest(NULL, Object(Config\Cache), false)
#10 D:\sippbt\public\index.php(45): CodeIgniter\CodeIgniter->run()
#11 D:\sippbt\vendor\codeigniter4\framework\system\Commands\Server\rewrite.php(34): require_once('D:\\sippbt\\publi...')
#12 {main}
CRITICAL - 2021-01-11 23:49:22 --> Undefined offset: 0
#0 D:\sippbt\vendor\codeigniter4\framework\system\Router\RouteCollection.php(1351): CodeIgniter\Debug\Exceptions->errorHandler(8, 'Undefined offse...', 'D:\\sippbt\\vendo...', 1351, Array)
#1 D:\sippbt\vendor\codeigniter4\framework\system\Router\RouteCollection.php(1220): CodeIgniter\Router\RouteCollection->fillRouteParams('dokter/edit/([0...', Array)
#2 D:\sippbt\vendor\codeigniter4\framework\system\Common.php(906): CodeIgniter\Router\RouteCollection->reverseRoute('dokter.edit')
#3 D:\sippbt\app\Views\master\dokter\data.php(40): route_to('dokter.edit')
#4 D:\sippbt\vendor\codeigniter4\framework\system\View\View.php(246): include('D:\\sippbt\\app\\V...')
#5 D:\sippbt\vendor\codeigniter4\framework\system\Common.php(1119): CodeIgniter\View\View->render('master/dokter/d...', Array, true)
#6 D:\sippbt\app\Controllers\KelDokterController.php(29): view('master/dokter/d...', Array)
#7 D:\sippbt\vendor\codeigniter4\framework\system\CodeIgniter.php(918): App\Controllers\KelDokterController->index()
#8 D:\sippbt\vendor\codeigniter4\framework\system\CodeIgniter.php(404): CodeIgniter\CodeIgniter->runController(Object(App\Controllers\KelDokterController))
#9 D:\sippbt\vendor\codeigniter4\framework\system\CodeIgniter.php(312): CodeIgniter\CodeIgniter->handleRequest(NULL, Object(Config\Cache), false)
#10 D:\sippbt\public\index.php(45): CodeIgniter\CodeIgniter->run()
#11 D:\sippbt\vendor\codeigniter4\framework\system\Commands\Server\rewrite.php(34): require_once('D:\\sippbt\\publi...')
#12 {main}
CRITICAL - 2021-01-11 23:52:11 --> Undefined offset: 0
#0 D:\sippbt\vendor\codeigniter4\framework\system\Router\RouteCollection.php(1351): CodeIgniter\Debug\Exceptions->errorHandler(8, 'Undefined offse...', 'D:\\sippbt\\vendo...', 1351, Array)
#1 D:\sippbt\vendor\codeigniter4\framework\system\Router\RouteCollection.php(1220): CodeIgniter\Router\RouteCollection->fillRouteParams('dokter/edit/([0...', Array)
#2 D:\sippbt\vendor\codeigniter4\framework\system\Common.php(906): CodeIgniter\Router\RouteCollection->reverseRoute('dokter.edit')
#3 D:\sippbt\app\Views\master\dokter\data.php(40): route_to('dokter.edit')
#4 D:\sippbt\vendor\codeigniter4\framework\system\View\View.php(246): include('D:\\sippbt\\app\\V...')
#5 D:\sippbt\vendor\codeigniter4\framework\system\Common.php(1119): CodeIgniter\View\View->render('master/dokter/d...', Array, true)
#6 D:\sippbt\app\Controllers\KelDokterController.php(29): view('master/dokter/d...', Array)
#7 D:\sippbt\vendor\codeigniter4\framework\system\CodeIgniter.php(918): App\Controllers\KelDokterController->index()
#8 D:\sippbt\vendor\codeigniter4\framework\system\CodeIgniter.php(404): CodeIgniter\CodeIgniter->runController(Object(App\Controllers\KelDokterController))
#9 D:\sippbt\vendor\codeigniter4\framework\system\CodeIgniter.php(312): CodeIgniter\CodeIgniter->handleRequest(NULL, Object(Config\Cache), false)
#10 D:\sippbt\public\index.php(45): CodeIgniter\CodeIgniter->run()
#11 D:\sippbt\vendor\codeigniter4\framework\system\Commands\Server\rewrite.php(34): require_once('D:\\sippbt\\publi...')
#12 {main}
CRITICAL - 2021-01-11 23:52:55 --> Undefined offset: 0
#0 D:\sippbt\vendor\codeigniter4\framework\system\Router\RouteCollection.php(1351): CodeIgniter\Debug\Exceptions->errorHandler(8, 'Undefined offse...', 'D:\\sippbt\\vendo...', 1351, Array)
#1 D:\sippbt\vendor\codeigniter4\framework\system\Router\RouteCollection.php(1220): CodeIgniter\Router\RouteCollection->fillRouteParams('dokter/edit/([0...', Array)
#2 D:\sippbt\vendor\codeigniter4\framework\system\Common.php(906): CodeIgniter\Router\RouteCollection->reverseRoute('dokter.edit')
#3 D:\sippbt\app\Views\master\dokter\data.php(40): route_to('dokter.edit')
#4 D:\sippbt\vendor\codeigniter4\framework\system\View\View.php(246): include('D:\\sippbt\\app\\V...')
#5 D:\sippbt\vendor\codeigniter4\framework\system\Common.php(1119): CodeIgniter\View\View->render('master/dokter/d...', Array, true)
#6 D:\sippbt\app\Controllers\KelDokterController.php(29): view('master/dokter/d...', Array)
#7 D:\sippbt\vendor\codeigniter4\framework\system\CodeIgniter.php(918): App\Controllers\KelDokterController->index()
#8 D:\sippbt\vendor\codeigniter4\framework\system\CodeIgniter.php(404): CodeIgniter\CodeIgniter->runController(Object(App\Controllers\KelDokterController))
#9 D:\sippbt\vendor\codeigniter4\framework\system\CodeIgniter.php(312): CodeIgniter\CodeIgniter->handleRequest(NULL, Object(Config\Cache), false)
#10 D:\sippbt\public\index.php(45): CodeIgniter\CodeIgniter->run()
#11 D:\sippbt\vendor\codeigniter4\framework\system\Commands\Server\rewrite.php(34): require_once('D:\\sippbt\\publi...')
#12 {main}
CRITICAL - 2021-01-11 23:58:02 --> Undefined offset: 0
#0 D:\sippbt\vendor\codeigniter4\framework\system\Router\RouteCollection.php(1351): CodeIgniter\Debug\Exceptions->errorHandler(8, 'Undefined offse...', 'D:\\sippbt\\vendo...', 1351, Array)
#1 D:\sippbt\vendor\codeigniter4\framework\system\Router\RouteCollection.php(1220): CodeIgniter\Router\RouteCollection->fillRouteParams('dokter/edit/([0...', Array)
#2 D:\sippbt\vendor\codeigniter4\framework\system\Common.php(906): CodeIgniter\Router\RouteCollection->reverseRoute('dokter.edit')
#3 D:\sippbt\app\Views\master\dokter\data.php(40): route_to('dokter.edit')
#4 D:\sippbt\vendor\codeigniter4\framework\system\View\View.php(246): include('D:\\sippbt\\app\\V...')
#5 D:\sippbt\vendor\codeigniter4\framework\system\Common.php(1119): CodeIgniter\View\View->render('master/dokter/d...', Array, true)
#6 D:\sippbt\app\Controllers\KelDokterController.php(29): view('master/dokter/d...', Array)
#7 D:\sippbt\vendor\codeigniter4\framework\system\CodeIgniter.php(918): App\Controllers\KelDokterController->index()
#8 D:\sippbt\vendor\codeigniter4\framework\system\CodeIgniter.php(404): CodeIgniter\CodeIgniter->runController(Object(App\Controllers\KelDokterController))
#9 D:\sippbt\vendor\codeigniter4\framework\system\CodeIgniter.php(312): CodeIgniter\CodeIgniter->handleRequest(NULL, Object(Config\Cache), false)
#10 D:\sippbt\public\index.php(45): CodeIgniter\CodeIgniter->run()
#11 D:\sippbt\vendor\codeigniter4\framework\system\Commands\Server\rewrite.php(34): require_once('D:\\sippbt\\publi...')
#12 {main}
