CRITICAL - 2021-01-06 04:33:30 --> Invalid file: master/pedaftaran/form.php
#0 D:\sippbt\vendor\codeigniter4\framework\system\View\View.php(228): CodeIgniter\Exceptions\FrameworkException::forInvalidFile('master/pedaftar...')
#1 D:\sippbt\vendor\codeigniter4\framework\system\Common.php(1119): CodeIgniter\View\View->render('master/pedaftar...', Array, true)
#2 D:\sippbt\app\Controllers\KelPendaftaranController.php(45): view('master/pedaftar...', Array)
#3 D:\sippbt\vendor\codeigniter4\framework\system\CodeIgniter.php(918): App\Controllers\KelPendaftaranController->create()
#4 D:\sippbt\vendor\codeigniter4\framework\system\CodeIgniter.php(404): CodeIgniter\CodeIgniter->runController(Object(App\Controllers\KelPendaftaranController))
#5 D:\sippbt\vendor\codeigniter4\framework\system\CodeIgniter.php(312): CodeIgniter\CodeIgniter->handleRequest(NULL, Object(Config\Cache), false)
#6 D:\sippbt\public\index.php(45): CodeIgniter\CodeIgniter->run()
#7 D:\sippbt\vendor\codeigniter4\framework\system\Commands\Server\rewrite.php(34): require_once('D:\\sippbt\\publi...')
#8 {main}
CRITICAL - 2021-01-06 04:41:22 --> Invalid file: master/pedaftaran/form.php
#0 D:\sippbt\vendor\codeigniter4\framework\system\View\View.php(228): CodeIgniter\Exceptions\FrameworkException::forInvalidFile('master/pedaftar...')
#1 D:\sippbt\vendor\codeigniter4\framework\system\Common.php(1119): CodeIgniter\View\View->render('master/pedaftar...', Array, true)
#2 D:\sippbt\app\Controllers\KelPendaftaranController.php(45): view('master/pedaftar...', Array)
#3 D:\sippbt\vendor\codeigniter4\framework\system\CodeIgniter.php(918): App\Controllers\KelPendaftaranController->create()
#4 D:\sippbt\vendor\codeigniter4\framework\system\CodeIgniter.php(404): CodeIgniter\CodeIgniter->runController(Object(App\Controllers\KelPendaftaranController))
#5 D:\sippbt\vendor\codeigniter4\framework\system\CodeIgniter.php(312): CodeIgniter\CodeIgniter->handleRequest(NULL, Object(Config\Cache), false)
#6 D:\sippbt\public\index.php(45): CodeIgniter\CodeIgniter->run()
#7 D:\sippbt\vendor\codeigniter4\framework\system\Commands\Server\rewrite.php(34): require_once('D:\\sippbt\\publi...')
#8 {main}
CRITICAL - 2021-01-06 05:15:29 --> Invalid file: master/pedaftaran/form.php
#0 D:\sippbt\vendor\codeigniter4\framework\system\View\View.php(228): CodeIgniter\Exceptions\FrameworkException::forInvalidFile('master/pedaftar...')
#1 D:\sippbt\vendor\codeigniter4\framework\system\Common.php(1119): CodeIgniter\View\View->render('master/pedaftar...', Array, true)
#2 D:\sippbt\app\Controllers\KelPendaftaranController.php(45): view('master/pedaftar...', Array)
#3 D:\sippbt\vendor\codeigniter4\framework\system\CodeIgniter.php(918): App\Controllers\KelPendaftaranController->create()
#4 D:\sippbt\vendor\codeigniter4\framework\system\CodeIgniter.php(404): CodeIgniter\CodeIgniter->runController(Object(App\Controllers\KelPendaftaranController))
#5 D:\sippbt\vendor\codeigniter4\framework\system\CodeIgniter.php(312): CodeIgniter\CodeIgniter->handleRequest(NULL, Object(Config\Cache), false)
#6 D:\sippbt\public\index.php(45): CodeIgniter\CodeIgniter->run()
#7 D:\sippbt\vendor\codeigniter4\framework\system\Commands\Server\rewrite.php(34): require_once('D:\\sippbt\\publi...')
#8 {main}
